#
# A fatal error has been detected by the Java Runtime Environment:
#
#  EXCEPTION_ACCESS_VIOLATION (0xc0000005) at pc=0x00007ffbdd4e3012, pid=21160, tid=0x0000000000004d58
#
# JRE version: Java(TM) SE Runtime Environment (8.0_121-b13) (build 1.8.0_121-b13)
# Java VM: Java HotSpot(TM) 64-Bit Server VM (25.121-b13 mixed mode windows-amd64 compressed oops)
# Problematic frame:
# C  [opencv_core310.dll+0x173012]
#
# Failed to write core dump. Minidumps are not enabled by default on client versions of Windows
#
# If you would like to submit a bug report, please visit:
#   http://bugreport.java.com/bugreport/crash.jsp
# The crash happened outside the Java Virtual Machine in native code.
# See problematic frame for where to report the bug.
#

---------------  T H R E A D  ---------------

Current thread (0x000000002ca90000):  JavaThread "Executor task launch worker-3" daemon [_thread_in_native, id=19800, stack(0x0000000034840000,0x0000000034940000)]

siginfo: ExceptionCode=0xc0000005, reading address 0x0000000001010000

Registers:
RAX=0x0000000000000001, RBX=0x0000000000000000, RCX=0x0000000001010000, RDX=0x0000000000000000
RSP=0x000000003493da70, RBP=0x000000003493e069, RSI=0x0000000000000001, RDI=0x000000003493e020
R8 =0x0000000000000001, R9 =0x0000000000000000, R10=0x0000000000000000, R11=0x000000003493e0a0
R12=0x0000000000000000, R13=0x0000000001010000, R14=0x0000000000000000, R15=0x0000000000000001
RIP=0x00007ffbdd4e3012, EFLAGS=0x0000000000010206

Top of Stack: (sp=0x000000003493da70)
0x000000003493da70:   0000000001320150 00007ffc11402d2e
0x000000003493da80:   0000000000000101 00000000013c2000
0x000000003493da90:   0000000001320000 000000003ae590c0
0x000000003493daa0:   0000000000010000 00007ffc0dddcedb
0x000000003493dab0:   0000000001320000 fffffffffffffffe
0x000000003493dac0:   0000000000000001 00007ffc113d2d00
0x000000003493dad0:   0000000000000000 0000000001320000
0x000000003493dae0:   0000000283269000 0000000283269000
0x000000003493daf0:   ffffc00100180eb5 0000000046e0c000
0x000000003493db00:   0000000041a88000 0000000000048190
0x000000003493db10:   00000000000473c0 00000000000201f8
0x000000003493db20:   000000000001fd68 000000006f565000
0x000000003493db30:   0000000074909000 000000006f565000
0x000000003493db40:   0000d53b0ecc10b4 0000000000000000
0x000000003493db50:   00000007c0001ef8 00007ffbcd72bb5a
0x000000003493db60:   000000003aef54e0 000000003ae590c0 

Instructions: (pc=0x00007ffbdd4e3012)
0x00007ffbdd4e2ff2:   c1 ec 02 41 80 e4 01 85 c0 41 0f 95 c7 44 88 7c
0x00007ffbdd4e3002:   24 32 c6 44 24 31 00 33 d2 8b da 4d 85 ed 74 26
0x00007ffbdd4e3012:   41 38 55 00 74 20 48 83 cf ff 48 8b df 90 48 ff
0x00007ffbdd4e3022:   c3 41 38 54 1d 00 75 f6 45 84 e4 0f 85 a8 00 00 


Register to memory mapping:

RAX=0x0000000000000001 is an unknown value
RBX=0x0000000000000000 is an unknown value
RCX=0x0000000001010000 is an unknown value
RDX=0x0000000000000000 is an unknown value
RSP=0x000000003493da70 is pointing into the stack for thread: 0x000000002ca90000
RBP=0x000000003493e069 is pointing into the stack for thread: 0x000000002ca90000
RSI=0x0000000000000001 is an unknown value
RDI=0x000000003493e020 is pointing into the stack for thread: 0x000000002ca90000
R8 =0x0000000000000001 is an unknown value
R9 =0x0000000000000000 is an unknown value
R10=0x0000000000000000 is an unknown value
R11=0x000000003493e0a0 is pointing into the stack for thread: 0x000000002ca90000
R12=0x0000000000000000 is an unknown value
R13=0x0000000001010000 is an unknown value
R14=0x0000000000000000 is an unknown value
R15=0x0000000000000001 is an unknown value


Stack: [0x0000000034840000,0x0000000034940000],  sp=0x000000003493da70,  free space=1014k
Native frames: (J=compiled Java code, j=interpreted, Vv=VM code, C=native code)
C  [opencv_core310.dll+0x173012]
C  [opencv_core310.dll+0x16fdfb]
C  [opencv_core310.dll+0x162d36]
C  [opencv_core310.dll+0x100e1]
C  [opencv_features2d310.dll+0x703e4]
C  [opencv_features2d310.dll+0x2783a]
C  [jniopencv_features2d.dll+0x54da]
C  0x0000000003908529

Java frames: (J=compiled Java code, j=interpreted, Vv=VM code)
J 7283  org.bytedeco.javacpp.opencv_features2d$BOWImgDescriptorExtractor.compute(Lorg/bytedeco/javacpp/opencv_core$Mat;Lorg/bytedeco/javacpp/opencv_core$Mat;)V (0 bytes) @ 0x00000000039084a3 [0x0000000003908440+0x63]
J 7449 C1 ImageUtils$.bowDescriptors(Ljava/lang/String;Lorg/bytedeco/javacpp/opencv_core$Mat;)Lorg/bytedeco/javacpp/opencv_core$Mat; (234 bytes) @ 0x0000000003debcf4 [0x0000000003de8180+0x3b74]
J 7393 C1 SparkImage$$anonfun$6.apply(Lscala/Tuple2;)Lscala/collection/immutable/List; (216 bytes) @ 0x0000000003c34004 [0x0000000003c337c0+0x844]
J 7273 C1 SparkImage$$anonfun$6.apply(Ljava/lang/Object;)Ljava/lang/Object; (9 bytes) @ 0x0000000003ad9f5c [0x0000000003ad9d80+0x1dc]
J 4584 C1 scala.collection.Iterator$$anon$11.next()Ljava/lang/Object; (19 bytes) @ 0x0000000003fda484 [0x0000000003fda2c0+0x1c4]
J 2205 C1 scala.collection.AbstractIterator.foreach(Lscala/Function1;)V (6 bytes) @ 0x00000000037e0444 [0x00000000037e02e0+0x164]
j  scala.collection.TraversableOnce$class.reduceLeft(Lscala/collection/TraversableOnce;Lscala/Function2;)Ljava/lang/Object;+44
j  scala.collection.AbstractIterator.reduceLeft(Lscala/Function2;)Ljava/lang/Object;+2
j  org.apache.spark.rdd.RDD$$anonfun$reduce$1$$anonfun$14.apply(Lscala/collection/Iterator;)Lscala/Option;+18
j  org.apache.spark.rdd.RDD$$anonfun$reduce$1$$anonfun$14.apply(Ljava/lang/Object;)Ljava/lang/Object;+5
j  org.apache.spark.SparkContext$$anonfun$36.apply(Lorg/apache/spark/TaskContext;Lscala/collection/Iterator;)Ljava/lang/Object;+5
j  org.apache.spark.SparkContext$$anonfun$36.apply(Ljava/lang/Object;Ljava/lang/Object;)Ljava/lang/Object;+9
j  org.apache.spark.scheduler.ResultTask.runTask(Lorg/apache/spark/TaskContext;)Ljava/lang/Object;+154
j  org.apache.spark.scheduler.Task.run(JILorg/apache/spark/metrics/MetricsSystem;)Lscala/Tuple2;+118
j  org.apache.spark.executor.Executor$TaskRunner.run()V+338
j  java.util.concurrent.ThreadPoolExecutor.runWorker(Ljava/util/concurrent/ThreadPoolExecutor$Worker;)V+95
j  java.util.concurrent.ThreadPoolExecutor$Worker.run()V+5
j  java.lang.Thread.run()V+11
v  ~StubRoutines::call_stub

---------------  P R O C E S S  ---------------

Java Threads: ( => current thread )
  0x000000002c53b000 JavaThread "JavaCPP Deallocator" daemon [_thread_blocked, id=20092, stack(0x0000000037740000,0x0000000037840000)]
  0x000000002c533000 JavaThread "block-manager-slave-async-thread-pool-2" daemon [_thread_blocked, id=18884, stack(0x0000000035440000,0x0000000035540000)]
  0x000000002c532000 JavaThread "block-manager-slave-async-thread-pool-1" daemon [_thread_blocked, id=1896, stack(0x0000000035340000,0x0000000035440000)]
  0x000000002c539000 JavaThread "block-manager-slave-async-thread-pool-0" daemon [_thread_blocked, id=19556, stack(0x0000000035240000,0x0000000035340000)]
  0x000000002c536800 JavaThread "block-manager-ask-thread-pool-0" daemon [_thread_blocked, id=18368, stack(0x0000000035140000,0x0000000035240000)]
  0x000000002c537800 JavaThread "task-result-getter-3" daemon [_thread_blocked, id=18536, stack(0x0000000035040000,0x0000000035140000)]
  0x000000002c534800 JavaThread "task-result-getter-2" daemon [_thread_blocked, id=13840, stack(0x0000000034f40000,0x0000000035040000)]
  0x000000002c535000 JavaThread "task-result-getter-1" daemon [_thread_blocked, id=14124, stack(0x0000000034e40000,0x0000000034f40000)]
  0x000000002c533800 JavaThread "Executor task launch worker-7" daemon [_thread_blocked, id=17448, stack(0x0000000034c40000,0x0000000034d40000)]
  0x000000002c536000 JavaThread "Executor task launch worker-6" daemon [_thread_blocked, id=18868, stack(0x0000000034b40000,0x0000000034c40000)]
  0x000000002c538000 JavaThread "Executor task launch worker-5" daemon [_thread_blocked, id=19464, stack(0x0000000034a40000,0x0000000034b40000)]
  0x000000002ca91000 JavaThread "Executor task launch worker-4" daemon [_thread_blocked, id=20112, stack(0x0000000034940000,0x0000000034a40000)]
=>0x000000002ca90000 JavaThread "Executor task launch worker-3" daemon [_thread_in_native, id=19800, stack(0x0000000034840000,0x0000000034940000)]
  0x000000002ca91800 JavaThread "Executor task launch worker-2" daemon [_thread_blocked, id=20228, stack(0x0000000034740000,0x0000000034840000)]
  0x000000002ca96000 JavaThread "Executor task launch worker-1" daemon [_thread_in_native, id=1644, stack(0x0000000034640000,0x0000000034740000)]
  0x000000002ca94800 JavaThread "task-result-getter-0" daemon [_thread_blocked, id=20420, stack(0x0000000033570000,0x0000000033670000)]
  0x000000002ca95800 JavaThread "Executor task launch worker-0" daemon [_thread_blocked, id=10852, stack(0x0000000033470000,0x0000000033570000)]
  0x000000002ca94000 JavaThread "SparkListenerBus" daemon [_thread_blocked, id=21484, stack(0x0000000032570000,0x0000000032670000)]
  0x000000002ca92800 JavaThread "context-cleaner-periodic-gc" daemon [_thread_blocked, id=21480, stack(0x0000000032470000,0x0000000032570000)]
  0x000000002ca97000 JavaThread "Spark Context Cleaner" daemon [_thread_blocked, id=21476, stack(0x0000000032370000,0x0000000032470000)]
  0x000000002ca93000 JavaThread "shuffle-server-0" daemon [_thread_in_native, id=21472, stack(0x0000000032270000,0x0000000032370000)]
  0x000000002ca88800 JavaThread "driver-heartbeater" daemon [_thread_blocked, id=21468, stack(0x0000000032170000,0x0000000032270000)]
  0x000000002ca8f800 JavaThread "dag-scheduler-event-loop" daemon [_thread_blocked, id=21464, stack(0x0000000032070000,0x0000000032170000)]
  0x000000002ca8b000 JavaThread "netty-rpc-env-timeout" daemon [_thread_blocked, id=21460, stack(0x0000000031f70000,0x0000000032070000)]
  0x000000002ca8e800 JavaThread "Timer-0" daemon [_thread_blocked, id=21456, stack(0x0000000031e70000,0x0000000031f70000)]
  0x000000002ca88000 JavaThread "heartbeat-receiver-event-loop-thread" daemon [_thread_blocked, id=21452, stack(0x0000000031d70000,0x0000000031e70000)]
  0x000000002ca89800 JavaThread "qtp748975217-66" daemon [_thread_blocked, id=21448, stack(0x00000000319b0000,0x0000000031ab0000)]
  0x000000002ca8e000 JavaThread "qtp748975217-65" daemon [_thread_blocked, id=21444, stack(0x00000000318b0000,0x00000000319b0000)]
  0x000000002ca8c800 JavaThread "qtp748975217-64" daemon [_thread_blocked, id=21440, stack(0x00000000317b0000,0x00000000318b0000)]
  0x000000002ca8a000 JavaThread "qtp748975217-63" daemon [_thread_blocked, id=21436, stack(0x00000000316b0000,0x00000000317b0000)]
  0x000000002ca8b800 JavaThread "qtp748975217-62 Acceptor1 SelectChannelConnector@0.0.0.0:4040" daemon [_thread_blocked, id=21432, stack(0x00000000315b0000,0x00000000316b0000)]
  0x000000002ca8d000 JavaThread "qtp748975217-61 Acceptor0 SelectChannelConnector@0.0.0.0:4040" daemon [_thread_in_native, id=21428, stack(0x00000000314b0000,0x00000000315b0000)]
  0x000000002ae60000 JavaThread "qtp748975217-60 Selector1" daemon [_thread_in_native, id=21424, stack(0x00000000313b0000,0x00000000314b0000)]
  0x000000002ae66800 JavaThread "qtp748975217-59 Selector0" daemon [_thread_in_native, id=21420, stack(0x000000002feb0000,0x000000002ffb0000)]
  0x000000002ae66000 JavaThread "refresh progress" daemon [_thread_blocked, id=21416, stack(0x000000002f9f0000,0x000000002faf0000)]
  0x000000002ae65000 JavaThread "SPARK_CONTEXT cleanup timer" daemon [_thread_blocked, id=21412, stack(0x000000002f8f0000,0x000000002f9f0000)]
  0x000000002ae64800 JavaThread "BROADCAST_VARS cleanup timer" daemon [_thread_blocked, id=21408, stack(0x000000002f7f0000,0x000000002f8f0000)]
  0x000000002ae63800 JavaThread "BLOCK_MANAGER cleanup timer" daemon [_thread_blocked, id=21404, stack(0x000000002f6f0000,0x000000002f7f0000)]
  0x000000002ae63000 JavaThread "MAP_OUTPUT_TRACKER cleanup timer" daemon [_thread_blocked, id=21400, stack(0x000000002f3f0000,0x000000002f4f0000)]
  0x000000002ae62000 JavaThread "New I/O server boss #6" daemon [_thread_in_native, id=21396, stack(0x000000002f2f0000,0x000000002f3f0000)]
  0x000000002ae61800 JavaThread "New I/O worker #5" daemon [_thread_in_native, id=21392, stack(0x000000002f1f0000,0x000000002f2f0000)]
  0x000000002ae60800 JavaThread "New I/O worker #4" daemon [_thread_in_native, id=21388, stack(0x000000002f0f0000,0x000000002f1f0000)]
  0x000000002ae1e800 JavaThread "New I/O boss #3" daemon [_thread_in_native, id=21384, stack(0x000000002eff0000,0x000000002f0f0000)]
  0x000000002ae1e000 JavaThread "New I/O worker #2" daemon [_thread_in_native, id=21380, stack(0x000000002eef0000,0x000000002eff0000)]
  0x000000002ae24800 JavaThread "New I/O worker #1" daemon [_thread_in_native, id=21376, stack(0x000000002edf0000,0x000000002eef0000)]
  0x000000002ae24000 JavaThread "sparkDriverActorSystem-akka.remote.default-remote-dispatcher-6" daemon [_thread_blocked, id=21372, stack(0x000000002eaf0000,0x000000002ebf0000)]
  0x000000002ae20000 JavaThread "sparkDriverActorSystem-akka.remote.default-remote-dispatcher-5" daemon [_thread_blocked, id=21368, stack(0x000000002e9f0000,0x000000002eaf0000)]
  0x000000002ae23000 JavaThread "sparkDriverActorSystem-akka.actor.default-dispatcher-4" daemon [_thread_blocked, id=21364, stack(0x000000002e8f0000,0x000000002e9f0000)]
  0x000000002ae21800 JavaThread "sparkDriverActorSystem-akka.actor.default-dispatcher-3" daemon [_thread_blocked, id=21360, stack(0x000000002e7f0000,0x000000002e8f0000)]
  0x000000002ae21000 JavaThread "sparkDriverActorSystem-akka.actor.default-dispatcher-2" daemon [_thread_blocked, id=21356, stack(0x000000002e6f0000,0x000000002e7f0000)]
  0x000000002ae1f800 JavaThread "sparkDriverActorSystem-scheduler-1" daemon [_thread_blocked, id=21352, stack(0x000000002e3f0000,0x000000002e4f0000)]
  0x000000002ae22800 JavaThread "shuffle-server-0" daemon [_thread_in_native, id=21344, stack(0x000000002e2f0000,0x000000002e3f0000)]
  0x000000002bc8c800 JavaThread "dispatcher-event-loop-7" daemon [_thread_blocked, id=21316, stack(0x000000002e0f0000,0x000000002e1f0000)]
  0x000000002bc8b800 JavaThread "dispatcher-event-loop-6" daemon [_thread_blocked, id=21312, stack(0x000000002def0000,0x000000002dff0000)]
  0x000000002b4da800 JavaThread "dispatcher-event-loop-5" daemon [_thread_blocked, id=21308, stack(0x000000002ddf0000,0x000000002def0000)]
  0x000000002b4d5800 JavaThread "dispatcher-event-loop-4" daemon [_thread_blocked, id=21304, stack(0x000000002dcf0000,0x000000002ddf0000)]
  0x000000002a63e000 JavaThread "dispatcher-event-loop-3" daemon [_thread_blocked, id=21300, stack(0x000000002dbf0000,0x000000002dcf0000)]
  0x000000002b4d1000 JavaThread "dispatcher-event-loop-2" daemon [_thread_blocked, id=21296, stack(0x000000002daf0000,0x000000002dbf0000)]
  0x000000002c0bb800 JavaThread "dispatcher-event-loop-1" daemon [_thread_blocked, id=21292, stack(0x000000002d9f0000,0x000000002daf0000)]
  0x000000002ae3b800 JavaThread "dispatcher-event-loop-0" daemon [_thread_blocked, id=21288, stack(0x000000002d8f0000,0x000000002d9f0000)]
  0x000000002a12a800 JavaThread "Monitor Ctrl-Break" daemon [_thread_in_native, id=21284, stack(0x000000002a890000,0x000000002a990000)]
  0x0000000028265800 JavaThread "Service Thread" daemon [_thread_blocked, id=21272, stack(0x0000000028df0000,0x0000000028ef0000)]
  0x000000002824b000 JavaThread "C1 CompilerThread3" daemon [_thread_blocked, id=21268, stack(0x0000000028cf0000,0x0000000028df0000)]
  0x0000000028240800 JavaThread "C2 CompilerThread2" daemon [_thread_blocked, id=21264, stack(0x0000000028bf0000,0x0000000028cf0000)]
  0x000000002823d800 JavaThread "C2 CompilerThread1" daemon [_thread_blocked, id=21260, stack(0x0000000028af0000,0x0000000028bf0000)]
  0x000000002823b000 JavaThread "C2 CompilerThread0" daemon [_thread_blocked, id=21256, stack(0x00000000289f0000,0x0000000028af0000)]
  0x0000000028238800 JavaThread "Attach Listener" daemon [_thread_blocked, id=21252, stack(0x00000000288f0000,0x00000000289f0000)]
  0x000000002634e000 JavaThread "Signal Dispatcher" daemon [_thread_blocked, id=21248, stack(0x00000000287f0000,0x00000000288f0000)]
  0x0000000003429800 JavaThread "Finalizer" daemon [_thread_blocked, id=21244, stack(0x0000000028610000,0x0000000028710000)]
  0x0000000003428000 JavaThread "Reference Handler" daemon [_thread_blocked, id=21240, stack(0x0000000028110000,0x0000000028210000)]
  0x000000000322e800 JavaThread "main" [_thread_blocked, id=21200, stack(0x0000000003230000,0x0000000003330000)]

Other Threads:
  0x0000000026339800 VMThread [stack: 0x0000000028010000,0x0000000028110000] [id=21236]
  0x0000000028268800 WatcherThread [stack: 0x0000000028ef0000,0x0000000028ff0000] [id=21276]

VM state:not at safepoint (normal execution)

VM Mutex/Monitor currently owned by a thread: None

Heap:
 PSYoungGen      total 790016K, used 49912K [0x0000000716180000, 0x000000074ee00000, 0x00000007c0000000)
  eden space 748544K, 2% used [0x0000000716180000,0x0000000717381a48,0x0000000743c80000)
  from space 41472K, 75% used [0x0000000743c80000,0x0000000745b3c5e8,0x0000000746500000)
  to   space 44544K, 0% used [0x000000074c280000,0x000000074c280000,0x000000074ee00000)
 ParOldGen       total 386560K, used 68013K [0x00000005c2400000, 0x00000005d9d80000, 0x0000000716180000)
  object space 386560K, 17% used [0x00000005c2400000,0x00000005c666b7c8,0x00000005d9d80000)
 Metaspace       used 68141K, capacity 68760K, committed 68992K, reserved 1107968K
  class space    used 9673K, capacity 9839K, committed 9856K, reserved 1048576K

Card table byte_map: [0x00000000127f0000,0x00000000137e0000] byte_map_base: 0x000000000f9de000

Marking Bits: (ParMarkBitMap*) 0x0000000063fdb6d0
 Begin Bits: [0x0000000014a80000, 0x000000001c9f0000)
 End Bits:   [0x000000001c9f0000, 0x0000000024960000)

Polling page: 0x00000000016b0000

CodeCache: size=245760Kb used=19546Kb max_used=20050Kb free=226213Kb
 bounds [0x0000000003430000, 0x00000000047f0000, 0x0000000012430000]
 total_blobs=7091 nmethods=6409 adapters=591
 compilation: enabled

Compilation events (10 events):
Event: 44.382 Thread 0x000000002823d800 7556   !   4       org.bytedeco.javacpp.Pointer$DeallocatorReference::remove (102 bytes)
Event: 44.383 Thread 0x000000002824b000 7557       3       java.io.ObjectInputStream$HandleTable$HandleList::add (60 bytes)
Event: 44.383 Thread 0x000000002824b000 nmethod 7557 0x0000000003cbf110 code [0x0000000003cbf280, 0x0000000003cbf5a8]
Event: 44.384 Thread 0x000000002824b000 7558       3       java.util.concurrent.locks.AbstractQueuedSynchronizer$ConditionObject::checkInterruptWhileWaiting (27 bytes)
Event: 44.384 Thread 0x000000002824b000 nmethod 7558 0x0000000003df04d0 code [0x0000000003df06a0, 0x0000000003df0cf8]
Event: 44.384 Thread 0x000000002824b000 7559       3       scala.collection.immutable.VectorBuilder::<init> (41 bytes)
Event: 44.384 Thread 0x000000002823d800 nmethod 7556 0x0000000003ced190 code [0x0000000003ced2e0, 0x0000000003ced658]
Event: 44.385 Thread 0x000000002824b000 nmethod 7559 0x0000000003874d90 code [0x0000000003874f20, 0x0000000003875450]
Event: 44.385 Thread 0x000000002824b000 7560       3       scala.collection.immutable.VectorBuilder::result (56 bytes)
Event: 44.385 Thread 0x000000002824b000 nmethod 7560 0x00000000039cf850 code [0x00000000039cfa20, 0x00000000039d0248]

GC Heap History (10 events):
Event: 26.417 GC heap before
{Heap before GC invocations=18 (full 3):
 PSYoungGen      total 563200K, used 563178K [0x0000000716180000, 0x000000073a480000, 0x00000007c0000000)
  eden space 547840K, 100% used [0x0000000716180000,0x0000000737880000,0x0000000737880000)
  from space 15360K, 99% used [0x0000000739380000,0x000000073a27a978,0x000000073a280000)
  to   space 22528K, 0% used [0x0000000737880000,0x0000000737880000,0x0000000738e80000)
 ParOldGen       total 386560K, used 33298K [0x00000005c2400000, 0x00000005d9d80000, 0x0000000716180000)
  object space 386560K, 8% used [0x00000005c2400000,0x00000005c4484890,0x00000005d9d80000)
 Metaspace       used 68022K, capacity 68696K, committed 68992K, reserved 1107968K
  class space    used 9671K, capacity 9839K, committed 9856K, reserved 1048576K
Event: 26.435 GC heap after
Heap after GC invocations=18 (full 3):
 PSYoungGen      total 570368K, used 22502K [0x0000000716180000, 0x0000000742b80000, 0x00000007c0000000)
  eden space 547840K, 0% used [0x0000000716180000,0x0000000716180000,0x0000000737880000)
  from space 22528K, 99% used [0x0000000737880000,0x0000000738e79a88,0x0000000738e80000)
  to   space 30720K, 0% used [0x0000000740d80000,0x0000000740d80000,0x0000000742b80000)
 ParOldGen       total 386560K, used 46689K [0x00000005c2400000, 0x00000005d9d80000, 0x0000000716180000)
  object space 386560K, 12% used [0x00000005c2400000,0x00000005c51985b8,0x00000005d9d80000)
 Metaspace       used 68022K, capacity 68696K, committed 68992K, reserved 1107968K
  class space    used 9671K, capacity 9839K, committed 9856K, reserved 1048576K
}
Event: 30.296 GC heap before
{Heap before GC invocations=19 (full 3):
 PSYoungGen      total 570368K, used 570342K [0x0000000716180000, 0x0000000742b80000, 0x00000007c0000000)
  eden space 547840K, 100% used [0x0000000716180000,0x0000000737880000,0x0000000737880000)
  from space 22528K, 99% used [0x0000000737880000,0x0000000738e79a88,0x0000000738e80000)
  to   space 30720K, 0% used [0x0000000740d80000,0x0000000740d80000,0x0000000742b80000)
 ParOldGen       total 386560K, used 46689K [0x00000005c2400000, 0x00000005d9d80000, 0x0000000716180000)
  object space 386560K, 12% used [0x00000005c2400000,0x00000005c51985b8,0x00000005d9d80000)
 Metaspace       used 68067K, capacity 68696K, committed 68992K, reserved 1107968K
  class space    used 9671K, capacity 9839K, committed 9856K, reserved 1048576K
Event: 30.314 GC heap after
Heap after GC invocations=19 (full 3):
 PSYoungGen      total 693248K, used 30693K [0x0000000716180000, 0x0000000743480000, 0x00000007c0000000)
  eden space 662528K, 0% used [0x0000000716180000,0x0000000716180000,0x000000073e880000)
  from space 30720K, 99% used [0x0000000740d80000,0x0000000742b79520,0x0000000742b80000)
  to   space 37888K, 0% used [0x000000073e880000,0x000000073e880000,0x0000000740d80000)
 ParOldGen       total 386560K, used 52736K [0x00000005c2400000, 0x00000005d9d80000, 0x0000000716180000)
  object space 386560K, 13% used [0x00000005c2400000,0x00000005c5780398,0x00000005d9d80000)
 Metaspace       used 68067K, capacity 68696K, committed 68992K, reserved 1107968K
  class space    used 9671K, capacity 9839K, committed 9856K, reserved 1048576K
}
Event: 34.815 GC heap before
{Heap before GC invocations=20 (full 3):
 PSYoungGen      total 693248K, used 693221K [0x0000000716180000, 0x0000000743480000, 0x00000007c0000000)
  eden space 662528K, 100% used [0x0000000716180000,0x000000073e880000,0x000000073e880000)
  from space 30720K, 99% used [0x0000000740d80000,0x0000000742b79520,0x0000000742b80000)
  to   space 37888K, 0% used [0x000000073e880000,0x000000073e880000,0x0000000740d80000)
 ParOldGen       total 386560K, used 52736K [0x00000005c2400000, 0x00000005d9d80000, 0x0000000716180000)
  object space 386560K, 13% used [0x00000005c2400000,0x00000005c5780398,0x00000005d9d80000)
 Metaspace       used 68102K, capacity 68696K, committed 68992K, reserved 1107968K
  class space    used 9671K, capacity 9839K, committed 9856K, reserved 1048576K
Event: 34.836 GC heap after
Heap after GC invocations=20 (full 3):
 PSYoungGen      total 700416K, used 26708K [0x0000000716180000, 0x0000000748f00000, 0x00000007c0000000)
  eden space 662528K, 0% used [0x0000000716180000,0x0000000716180000,0x000000073e880000)
  from space 37888K, 70% used [0x000000073e880000,0x00000007402953c0,0x0000000740d80000)
  to   space 39936K, 0% used [0x0000000746800000,0x0000000746800000,0x0000000748f00000)
 ParOldGen       total 386560K, used 68005K [0x00000005c2400000, 0x00000005d9d80000, 0x0000000716180000)
  object space 386560K, 17% used [0x00000005c2400000,0x00000005c66697c8,0x00000005d9d80000)
 Metaspace       used 68102K, capacity 68696K, committed 68992K, reserved 1107968K
  class space    used 9671K, capacity 9839K, committed 9856K, reserved 1048576K
}
Event: 39.320 GC heap before
{Heap before GC invocations=21 (full 3):
 PSYoungGen      total 700416K, used 689236K [0x0000000716180000, 0x0000000748f00000, 0x00000007c0000000)
  eden space 662528K, 100% used [0x0000000716180000,0x000000073e880000,0x000000073e880000)
  from space 37888K, 70% used [0x000000073e880000,0x00000007402953c0,0x0000000740d80000)
  to   space 39936K, 0% used [0x0000000746800000,0x0000000746800000,0x0000000748f00000)
 ParOldGen       total 386560K, used 68005K [0x00000005c2400000, 0x00000005d9d80000, 0x0000000716180000)
  object space 386560K, 17% used [0x00000005c2400000,0x00000005c66697c8,0x00000005d9d80000)
 Metaspace       used 68122K, capacity 68760K, committed 68992K, reserved 1107968K
  class space    used 9672K, capacity 9839K, committed 9856K, reserved 1048576K
Event: 39.338 GC heap after
Heap after GC invocations=21 (full 3):
 PSYoungGen      total 786944K, used 27622K [0x0000000716180000, 0x0000000748d80000, 0x00000007c0000000)
  eden space 748544K, 0% used [0x0000000716180000,0x0000000716180000,0x0000000743c80000)
  from space 38400K, 71% used [0x0000000746800000,0x00000007482f9808,0x0000000748d80000)
  to   space 41472K, 0% used [0x0000000743c80000,0x0000000743c80000,0x0000000746500000)
 ParOldGen       total 386560K, used 68005K [0x00000005c2400000, 0x00000005d9d80000, 0x0000000716180000)
  object space 386560K, 17% used [0x00000005c2400000,0x00000005c66697c8,0x00000005d9d80000)
 Metaspace       used 68122K, capacity 68760K, committed 68992K, reserved 1107968K
  class space    used 9672K, capacity 9839K, committed 9856K, reserved 1048576K
}
Event: 44.363 GC heap before
{Heap before GC invocations=22 (full 3):
 PSYoungGen      total 786944K, used 776166K [0x0000000716180000, 0x0000000748d80000, 0x00000007c0000000)
  eden space 748544K, 100% used [0x0000000716180000,0x0000000743c80000,0x0000000743c80000)
  from space 38400K, 71% used [0x0000000746800000,0x00000007482f9808,0x0000000748d80000)
  to   space 41472K, 0% used [0x0000000743c80000,0x0000000743c80000,0x0000000746500000)
 ParOldGen       total 386560K, used 68005K [0x00000005c2400000, 0x00000005d9d80000, 0x0000000716180000)
  object space 386560K, 17% used [0x00000005c2400000,0x00000005c66697c8,0x00000005d9d80000)
 Metaspace       used 68137K, capacity 68760K, committed 68992K, reserved 1107968K
  class space    used 9673K, capacity 9839K, committed 9856K, reserved 1048576K
Event: 44.382 GC heap after
Heap after GC invocations=22 (full 3):
 PSYoungGen      total 790016K, used 31473K [0x0000000716180000, 0x000000074ee00000, 0x00000007c0000000)
  eden space 748544K, 0% used [0x0000000716180000,0x0000000716180000,0x0000000743c80000)
  from space 41472K, 75% used [0x0000000743c80000,0x0000000745b3c5e8,0x0000000746500000)
  to   space 44544K, 0% used [0x000000074c280000,0x000000074c280000,0x000000074ee00000)
 ParOldGen       total 386560K, used 68013K [0x00000005c2400000, 0x00000005d9d80000, 0x0000000716180000)
  object space 386560K, 17% used [0x00000005c2400000,0x00000005c666b7c8,0x00000005d9d80000)
 Metaspace       used 68137K, capacity 68760K, committed 68992K, reserved 1107968K
  class space    used 9673K, capacity 9839K, committed 9856K, reserved 1048576K
}

Deoptimization events (10 events):
Event: 32.365 Thread 0x000000002ca90000 Uncommon trap: reason=bimorphic action=maybe_recompile pc=0x0000000004327668 method=java.util.HashMap.removeNode(ILjava/lang/Object;Ljava/lang/Object;ZZ)Ljava/util/HashMap$Node; @ 283
Event: 32.365 Thread 0x000000002ca90000 Uncommon trap: reason=bimorphic action=maybe_recompile pc=0x0000000004327668 method=java.util.HashMap.removeNode(ILjava/lang/Object;Ljava/lang/Object;ZZ)Ljava/util/HashMap$Node; @ 283
Event: 32.365 Thread 0x000000002ca90000 Uncommon trap: reason=bimorphic action=maybe_recompile pc=0x0000000004327668 method=java.util.HashMap.removeNode(ILjava/lang/Object;Ljava/lang/Object;ZZ)Ljava/util/HashMap$Node; @ 283
Event: 32.365 Thread 0x000000002ca90000 Uncommon trap: reason=bimorphic action=maybe_recompile pc=0x0000000004327668 method=java.util.HashMap.removeNode(ILjava/lang/Object;Ljava/lang/Object;ZZ)Ljava/util/HashMap$Node; @ 283
Event: 37.604 Thread 0x000000002ca96000 Uncommon trap: reason=predicate action=maybe_recompile pc=0x00000000042d377c method=java.util.AbstractCollection.toArray([Ljava/lang/Object;)[Ljava/lang/Object; @ 49
Event: 38.340 Thread 0x000000002ca96000 Uncommon trap: reason=array_check action=maybe_recompile pc=0x000000000388b674 method=java.util.AbstractCollection.toArray([Ljava/lang/Object;)[Ljava/lang/Object; @ 119
Event: 38.346 Thread 0x000000002ca90000 Uncommon trap: reason=array_check action=maybe_recompile pc=0x000000000388b674 method=java.util.AbstractCollection.toArray([Ljava/lang/Object;)[Ljava/lang/Object; @ 119
Event: 38.375 Thread 0x000000002ca90000 Uncommon trap: reason=array_check action=maybe_recompile pc=0x000000000388b674 method=java.util.AbstractCollection.toArray([Ljava/lang/Object;)[Ljava/lang/Object; @ 119
Event: 38.378 Thread 0x000000002ca96000 Uncommon trap: reason=array_check action=maybe_recompile pc=0x000000000388b674 method=java.util.AbstractCollection.toArray([Ljava/lang/Object;)[Ljava/lang/Object; @ 119
Event: 39.892 Thread 0x000000002ae1f800 Uncommon trap: reason=unstable_if action=reinterpret pc=0x00000000036e4790 method=akka.dispatch.AbstractNodeQueue.pollNode()Lakka/dispatch/AbstractNodeQueue$Node; @ 28

Internal exceptions (10 events):
Event: 15.587 Thread 0x000000002ca91000 Implicit null exception at 0x0000000003fd544c to 0x0000000003fd5479
Event: 15.587 Thread 0x000000002c533800 Implicit null exception at 0x0000000003fd544c to 0x0000000003fd5479
Event: 15.616 Thread 0x000000002ca91000 Exception <a 'java/lang/NoSuchMethodError': <clinit>> (0x0000000727456d20) thrown at [C:\re\workspace\8-2-build-windows-amd64-cygwin\jdk8u121\8372\hotspot\src\share\vm\prims\jni.cpp, line 1613]
Event: 15.617 Thread 0x000000002ca91000 Exception <a 'java/lang/NoSuchMethodError': <clinit>> (0x000000072745ddc8) thrown at [C:\re\workspace\8-2-build-windows-amd64-cygwin\jdk8u121\8372\hotspot\src\share\vm\prims\jni.cpp, line 1613]
Event: 15.617 Thread 0x000000002ca91000 Exception <a 'java/lang/NoSuchMethodError': <clinit>> (0x00000007274634d8) thrown at [C:\re\workspace\8-2-build-windows-amd64-cygwin\jdk8u121\8372\hotspot\src\share\vm\prims\jni.cpp, line 1613]
Event: 15.635 Thread 0x000000000322e800 Exception <a 'java/lang/NoSuchMethodError': <clinit>> (0x000000071bd41c40) thrown at [C:\re\workspace\8-2-build-windows-amd64-cygwin\jdk8u121\8372\hotspot\src\share\vm\prims\jni.cpp, line 1613]
Event: 19.112 Thread 0x000000002ca8f800 Exception <a 'java/lang/NoSuchMethodError': <clinit>> (0x000000071c6e3428) thrown at [C:\re\workspace\8-2-build-windows-amd64-cygwin\jdk8u121\8372\hotspot\src\share\vm\prims\jni.cpp, line 1613]
Event: 19.112 Thread 0x000000002ca8f800 Exception <a 'java/lang/NoSuchMethodError': <clinit>> (0x000000071c6e7738) thrown at [C:\re\workspace\8-2-build-windows-amd64-cygwin\jdk8u121\8372\hotspot\src\share\vm\prims\jni.cpp, line 1613]
Event: 19.118 Thread 0x000000002bc8c800 Exception <a 'java/lang/NoSuchMethodError': <clinit>> (0x000000071cc55e80) thrown at [C:\re\workspace\8-2-build-windows-amd64-cygwin\jdk8u121\8372\hotspot\src\share\vm\prims\jni.cpp, line 1613]
Event: 22.123 Thread 0x000000002ca90000 Implicit null exception at 0x0000000004363ce7 to 0x000000000436417d

Events (10 events):
Event: 44.333 Thread 0x000000002823b000 flushing nmethod 0x0000000004350810
Event: 44.333 Thread 0x000000002823b000 flushing nmethod 0x0000000004350d90
Event: 44.333 Thread 0x000000002823b000 flushing nmethod 0x0000000004351490
Event: 44.333 Thread 0x000000002823b000 flushing nmethod 0x0000000004369c10
Event: 44.333 Thread 0x000000002823b000 flushing nmethod 0x000000000436cc50
Event: 44.334 Thread 0x000000002823b000 flushing nmethod 0x0000000004383b50
Event: 44.334 Thread 0x000000002823b000 flushing nmethod 0x00000000043a5450
Event: 44.334 Thread 0x000000002823b000 flushing nmethod 0x00000000043a5bd0
Event: 44.363 Executing VM operation: ParallelGCFailedAllocation
Event: 44.382 Executing VM operation: ParallelGCFailedAllocation done


Dynamic libraries:
0x00007ff669300000 - 0x00007ff669337000 	C:\Program Files\Java\jdk1.8.0_121\jre\bin\java.exe
0x00007ffc113b0000 - 0x00007ffc11571000 	C:\windows\SYSTEM32\ntdll.dll
0x00007ffc0e7b0000 - 0x00007ffc0e85d000 	C:\windows\system32\KERNEL32.DLL
0x00007ffc0dd70000 - 0x00007ffc0df58000 	C:\windows\system32\KERNELBASE.dll
0x00007ffc11000000 - 0x00007ffc110a7000 	C:\windows\system32\ADVAPI32.dll
0x00007ffc0e860000 - 0x00007ffc0e8fd000 	C:\windows\system32\msvcrt.dll
0x00007ffc10290000 - 0x00007ffc102eb000 	C:\windows\system32\sechost.dll
0x00007ffc0ec10000 - 0x00007ffc0ed2c000 	C:\windows\system32\RPCRT4.dll
0x00007ffc107e0000 - 0x00007ffc10936000 	C:\windows\system32\USER32.dll
0x00007ffc10b60000 - 0x00007ffc10ce6000 	C:\windows\system32\GDI32.dll
0x00007ffc0a760000 - 0x00007ffc0a9d4000 	C:\windows\WinSxS\amd64_microsoft.windows.common-controls_6595b64144ccf1df_6.0.10586.672_none_a2d6b3cea53ff843\COMCTL32.dll
0x00007ffc10d80000 - 0x00007ffc10ffd000 	C:\windows\system32\combase.dll
0x00007ffc0dd00000 - 0x00007ffc0dd6a000 	C:\windows\system32\bcryptPrimitives.dll
0x00007ffc0ea10000 - 0x00007ffc0ea4b000 	C:\windows\system32\IMM32.DLL
0x00007ffbf33a0000 - 0x00007ffbf3447000 	C:\Program Files\McAfee\Host Intrusion Prevention\HcApi.dll
0x00000000665c0000 - 0x00000000665cc000 	C:\Program Files\McAfee\Host Intrusion Prevention\HcThe.dll
0x0000000064060000 - 0x0000000064132000 	C:\Program Files\Java\jdk1.8.0_121\jre\bin\msvcr100.dll
0x00000000637c0000 - 0x000000006405b000 	C:\Program Files\Java\jdk1.8.0_121\jre\bin\server\jvm.dll
0x00007ffc10b50000 - 0x00007ffc10b58000 	C:\windows\system32\PSAPI.DLL
0x00007ffc0aa00000 - 0x00007ffc0aa23000 	C:\windows\SYSTEM32\WINMM.dll
0x00007ffc0b910000 - 0x00007ffc0b919000 	C:\windows\SYSTEM32\WSOCK32.dll
0x00007ffc0a9f0000 - 0x00007ffc0a9fa000 	C:\windows\SYSTEM32\VERSION.dll
0x00007ffc0eb40000 - 0x00007ffc0ebab000 	C:\windows\system32\WS2_32.dll
0x00007ffc0a730000 - 0x00007ffc0a75c000 	C:\windows\SYSTEM32\WINMMBASE.dll
0x00007ffc0df60000 - 0x00007ffc0dfa3000 	C:\windows\system32\cfgmgr32.dll
0x0000000065f40000 - 0x0000000065f4f000 	C:\Program Files\Java\jdk1.8.0_121\jre\bin\verify.dll
0x00000000651c0000 - 0x00000000651e9000 	C:\Program Files\Java\jdk1.8.0_121\jre\bin\java.dll
0x0000000065ef0000 - 0x0000000065f06000 	C:\Program Files\Java\jdk1.8.0_121\jre\bin\zip.dll
0x00007ffc0ed30000 - 0x00007ffc1028c000 	C:\windows\system32\SHELL32.dll
0x00007ffc0e100000 - 0x00007ffc0e745000 	C:\windows\system32\windows.storage.dll
0x00007ffc0ebb0000 - 0x00007ffc0ec02000 	C:\windows\system32\shlwapi.dll
0x00007ffc0da50000 - 0x00007ffc0da5f000 	C:\windows\system32\kernel.appcore.dll
0x00007ffc0dfb0000 - 0x00007ffc0e065000 	C:\windows\system32\shcore.dll
0x00007ffc0da00000 - 0x00007ffc0da4b000 	C:\windows\system32\powrprof.dll
0x00007ffc0d9d0000 - 0x00007ffc0d9e4000 	C:\windows\system32\profapi.dll
0x00007ffc06560000 - 0x00007ffc06570000 	C:\Program Files (x86)\JetBrains\IntelliJ IDEA Community Edition 2016.3.3\bin\breakgen64.dll
0x00000000651a0000 - 0x00000000651ba000 	C:\Program Files\Java\jdk1.8.0_121\jre\bin\net.dll
0x00007ffc0d300000 - 0x00007ffc0d35c000 	C:\windows\system32\mswsock.dll
0x00007ffc0d3b0000 - 0x00007ffc0d3c7000 	C:\windows\SYSTEM32\CRYPTSP.dll
0x00007ffc0d040000 - 0x00007ffc0d074000 	C:\windows\system32\rsaenh.dll
0x00007ffc0d5d0000 - 0x00007ffc0d5f9000 	C:\windows\SYSTEM32\bcrypt.dll
0x00007ffc0d190000 - 0x00007ffc0d1af000 	C:\windows\SYSTEM32\USERENV.dll
0x00007ffc0d4d0000 - 0x00007ffc0d4db000 	C:\windows\SYSTEM32\CRYPTBASE.dll
0x00007ffc0bb20000 - 0x00007ffc0bb58000 	C:\windows\SYSTEM32\IPHLPAPI.DLL
0x00007ffc10d70000 - 0x00007ffc10d78000 	C:\windows\system32\NSI.dll
0x00007ffc0b940000 - 0x00007ffc0b956000 	C:\windows\SYSTEM32\dhcpcsvc6.DLL
0x00007ffc0b920000 - 0x00007ffc0b93a000 	C:\windows\SYSTEM32\dhcpcsvc.DLL
0x0000000065180000 - 0x0000000065191000 	C:\Program Files\Java\jdk1.8.0_121\jre\bin\nio.dll
0x0000000065f30000 - 0x0000000065f3d000 	C:\Program Files\Java\jdk1.8.0_121\jre\bin\management.dll
0x0000000065170000 - 0x0000000065179000 	C:\Program Files\Java\jdk1.8.0_121\jre\bin\w2k_lsa_auth.dll
0x00007ffc04e70000 - 0x00007ffc04e7c000 	C:\windows\SYSTEM32\Secur32.dll
0x00007ffc0d6e0000 - 0x00007ffc0d70d000 	C:\windows\SYSTEM32\SSPICLI.DLL
0x0000000065160000 - 0x0000000065169000 	C:\Program Files\Java\jdk1.8.0_121\jre\bin\jaas_nt.dll
0x00007ffbfa3c0000 - 0x00007ffbfa3d6000 	C:\windows\system32\napinsp.dll
0x00007ffbfa3a0000 - 0x00007ffbfa3ba000 	C:\windows\system32\pnrpnsp.dll
0x00007ffc0afe0000 - 0x00007ffc0aff8000 	C:\windows\system32\NLAapi.dll
0x00007ffc0c440000 - 0x00007ffc0c4ea000 	C:\windows\SYSTEM32\DNSAPI.dll
0x00007ffbf9c80000 - 0x00007ffbf9c8d000 	C:\windows\System32\winrnr.dll
0x00007ffbf9c60000 - 0x00007ffbf9c75000 	C:\windows\System32\wshbth.dll
0x00007ffc07060000 - 0x00007ffc0706a000 	C:\Windows\System32\rasadhlp.dll
0x00007ffc0ba60000 - 0x00007ffc0bac7000 	C:\windows\System32\fwpuclnt.dll
0x0000000064e80000 - 0x0000000064ea4000 	C:\Program Files\Java\jdk1.8.0_121\jre\bin\sunec.dll
0x00007ffc0bb60000 - 0x00007ffc0bb6b000 	C:\windows\SYSTEM32\WINNSI.DLL
0x0000000070280000 - 0x00000000702a9000 	C:\Users\ac010168\AppData\Local\Temp\snappy-1.1.2-83696cd5-be97-48a5-8e62-e5d238e75676-snappyjava.dll
0x00007ffbe3990000 - 0x00007ffbe3a7f000 	C:\Users\ac010168\.javacpp\cache\opencv-3.1.0-1.3-windows-x86_64.jar\org\bytedeco\javacpp\windows-x86_64\msvcr120.dll
0x00007ffbe2cc0000 - 0x00007ffbe2d66000 	C:\Users\ac010168\.javacpp\cache\opencv-3.1.0-1.3-windows-x86_64.jar\org\bytedeco\javacpp\windows-x86_64\msvcp120.dll
0x00007ffbdd370000 - 0x00007ffbdd5ea000 	C:\Users\ac010168\.javacpp\cache\opencv-3.1.0-1.3-windows-x86_64.jar\org\bytedeco\javacpp\windows-x86_64\opencv_core310.dll
0x00007ffbcd950000 - 0x00007ffbcdc92000 	C:\Users\ac010168\.javacpp\cache\opencv-3.1.0-1.3-windows-x86_64.jar\org\bytedeco\javacpp\windows-x86_64\opencv_imgproc310.dll
0x00007ffbcd720000 - 0x00007ffbcd947000 	C:\Users\ac010168\.javacpp\cache\opencv-3.1.0-1.3-windows-x86_64.jar\org\bytedeco\javacpp\windows-x86_64\jniopencv_core.dll
0x00007ffbdfb60000 - 0x00007ffbdfc4d000 	C:\Users\ac010168\.javacpp\cache\opencv-3.1.0-1.3-windows-x86_64.jar\org\bytedeco\javacpp\windows-x86_64\jniopencv_imgproc.dll
0x00007ffbcd450000 - 0x00007ffbcd719000 	C:\Users\ac010168\.javacpp\cache\opencv-3.1.0-1.3-windows-x86_64.jar\org\bytedeco\javacpp\windows-x86_64\opencv_imgcodecs310.dll
0x00007ffbfa4a0000 - 0x00007ffbfa4c5000 	C:\Users\ac010168\.javacpp\cache\opencv-3.1.0-1.3-windows-x86_64.jar\org\bytedeco\javacpp\windows-x86_64\jniopencv_imgcodecs.dll
0x00007ffbe2c60000 - 0x00007ffbe2cb3000 	C:\Users\ac010168\.javacpp\cache\opencv-3.1.0-1.3-windows-x86_64.jar\org\bytedeco\javacpp\windows-x86_64\opencv_videoio310.dll
0x000000002fcf0000 - 0x000000002fe33000 	C:\windows\system32\ole32.dll
0x00007ffc0ea70000 - 0x00007ffc0eb36000 	C:\windows\system32\OLEAUT32.dll
0x00007ffbfa470000 - 0x00007ffbfa499000 	C:\windows\SYSTEM32\MSVFW32.dll
0x00007ffc04eb0000 - 0x00007ffc04ed0000 	C:\windows\SYSTEM32\AVIFIL32.dll
0x00007ffc0be80000 - 0x00007ffc0be98000 	C:\windows\SYSTEM32\AVICAP32.dll
0x00007ffbf3c00000 - 0x00007ffbf3c1c000 	C:\windows\SYSTEM32\MSACM32.dll
0x00007ffbfa450000 - 0x00007ffbfa467000 	C:\Users\ac010168\.javacpp\cache\opencv-3.1.0-1.3-windows-x86_64.jar\org\bytedeco\javacpp\windows-x86_64\jniopencv_videoio.dll
0x00007ffbf2f80000 - 0x00007ffbf2fac000 	C:\Users\ac010168\.javacpp\cache\opencv-3.1.0-1.3-windows-x86_64.jar\org\bytedeco\javacpp\windows-x86_64\opencv_highgui310.dll
0x00007ffc0e900000 - 0x00007ffc0ea0b000 	C:\windows\system32\COMDLG32.dll
0x00007ffc0e070000 - 0x00007ffc0e0f6000 	C:\windows\system32\FirewallAPI.dll
0x00007ffc0da60000 - 0x00007ffc0da77000 	C:\windows\system32\NETAPI32.dll
0x00007ffc0a640000 - 0x00007ffc0a64c000 	C:\windows\SYSTEM32\DAVHLPR.DLL
0x00007ffc0c750000 - 0x00007ffc0c782000 	C:\windows\SYSTEM32\fwbase.dll
0x00007ffbf1f60000 - 0x00007ffbf1f95000 	C:\Users\ac010168\.javacpp\cache\opencv-3.1.0-1.3-windows-x86_64.jar\org\bytedeco\javacpp\windows-x86_64\jniopencv_highgui.dll
0x00007ffbdf530000 - 0x00007ffbdf5d2000 	C:\Users\ac010168\.javacpp\cache\opencv-3.1.0-1.3-windows-x86_64.jar\org\bytedeco\javacpp\windows-x86_64\opencv_flann310.dll
0x00007ffbf9c40000 - 0x00007ffbf9c60000 	C:\Users\ac010168\.javacpp\cache\opencv-3.1.0-1.3-windows-x86_64.jar\org\bytedeco\javacpp\windows-x86_64\jniopencv_flann.dll
0x00007ffbde950000 - 0x00007ffbdea1d000 	C:\Users\ac010168\.javacpp\cache\opencv-3.1.0-1.3-windows-x86_64.jar\org\bytedeco\javacpp\windows-x86_64\opencv_ml310.dll
0x00007ffbe3890000 - 0x00007ffbe38cf000 	C:\Users\ac010168\.javacpp\cache\opencv-3.1.0-1.3-windows-x86_64.jar\org\bytedeco\javacpp\windows-x86_64\jniopencv_ml.dll
0x00007ffbddb30000 - 0x00007ffbddc0a000 	C:\Users\ac010168\.javacpp\cache\opencv-3.1.0-1.3-windows-x86_64.jar\org\bytedeco\javacpp\windows-x86_64\opencv_features2d310.dll
0x00007ffbe2c10000 - 0x00007ffbe2c59000 	C:\Users\ac010168\.javacpp\cache\opencv-3.1.0-1.3-windows-x86_64.jar\org\bytedeco\javacpp\windows-x86_64\jniopencv_features2d.dll
0x00007ffc0b780000 - 0x00007ffc0b90c000 	C:\windows\SYSTEM32\dbghelp.dll

VM Arguments:
jvm_args: -Didea.launcher.port=7534 -Didea.launcher.bin.path=C:\Program Files (x86)\JetBrains\IntelliJ IDEA Community Edition 2016.3.3\bin -Dfile.encoding=UTF-8 
java_command: com.intellij.rt.execution.application.AppMain SparkImage
java_class_path (initial): C:\Users\ac010168\AppData\Local\Temp\classpath.jar
Launcher Type: SUN_STANDARD

Environment Variables:
JAVA_HOME=C:\Progra~1\Java\jdk1.8.0_92
CLASSPATH=C:\Program Files (x86)\IBM\WebSphere MQ\Java\lib\com.ibm.mqjms.jar;C:\Program Files (x86)\IBM\WebSphere MQ\Java\lib\com.ibm.mq.jar;c:\progra~1\cerner\web\avalon~1.jar;c:\progra~1\cerner\web\batik-~1.jar;c:\progra~1\cerner\web\ede2cf~1.jar;c:\progra~1\cerner\web\fop.jar;c:\progra~1\cerner\web\srx2lo~1.txt;c:\progra~1\cerner\web\subscr~1.jar;c:\progra~1\cerner\web\xalan.jar;c:\progra~1\cerner\web\lib\xerces.jar
PATH=C:\Python27\;C:\apache-maven-3.2.5\bin;C:\windows\system32;C:\ProgramData\Oracle\Java\javapath;C:\windows;C:\windows\System32\Wbem;C:\windows\System32\WindowsPowerShell\v1.0\;C:\PROGRA~1\Cerner;C:\Program Files (x86)\Intel\iCLS Client\;C:\Program Files\Intel\iCLS Client\;C:\Program Files (x86)\IBM\WebSphere MQ\Java\lib;C:\Program Files (x86)\IBM\WebSphere MQ\bin64;C:\Program Files (x86)\IBM\WebSphere MQ\bin;C:\Program Files (x86)\IBM\WebSphere MQ\tools\c\samples\bin;C:\Program Files (x86)\Intel\Intel(R) Management Engine Components\DAL;C:\Program Files\Intel\Intel(R) Management Engine Components\DAL;C:\Program Files (x86)\Intel\Intel(R) Management Engine Components\IPT;C:\Program Files\Intel\Intel(R) Management Engine Components\IPT;C:\Program Files (x86)\Windows Live\Shared;C:\Program Files\TortoiseSVN\bin;C:\Program Files (x86)\sbt\bin;C:\Program Files\Git\cmd;C:\Program Files\nodejs\;C:\Program Files (x86)\Windows Kits\10\Windows Performance Toolkit\;C:\Users\ac010168\AppData\Local\Programs\Python\Python36\Scripts\;C:\Users\ac010168\AppData\Local\Programs\Python\Python36\;C:\Users\ac010168\AppData\Local\Programs\Python\Python35\Scripts\;C:\Users\ac010168\AppData\Local\Programs\Python\Python35\;C:\Program Files\Heroku\bin;C:\Users\ac010168\AppData\Roaming\npm
USERNAME=AC010168
OS=Windows_NT
PROCESSOR_IDENTIFIER=Intel64 Family 6 Model 94 Stepping 3, GenuineIntel



---------------  S Y S T E M  ---------------

OS: Windows 10.0 , 64 bit Build 10586 (10.0.10586.589)

CPU:total 8 (4 cores per cpu, 2 threads per core) family 6 model 94 stepping 3, cmov, cx8, fxsr, mmx, sse, sse2, sse3, ssse3, sse4.1, sse4.2, popcnt, avx, avx2, aes, clmul, erms, rtm, 3dnowpref, lzcnt, ht, tsc, tscinvbit, bmi1, bmi2, adx

Memory: 4k page, physical 33403888k(14124292k free), swap 38384624k(15169132k free)

vm_info: Java HotSpot(TM) 64-Bit Server VM (25.121-b13) for windows-amd64 JRE (1.8.0_121-b13), built on Dec 12 2016 18:21:36 by "java_re" with MS VC++ 10.0 (VS2010)

time: Mon Mar 20 15:10:46 2017
elapsed time: 44 seconds (0d 0h 0m 44s)

