#
# A fatal error has been detected by the Java Runtime Environment:
#
#  EXCEPTION_ACCESS_VIOLATION (0xc0000005) at pc=0x00007ffbddba0389, pid=2156, tid=0x0000000000005308
#
# JRE version: Java(TM) SE Runtime Environment (8.0_121-b13) (build 1.8.0_121-b13)
# Java VM: Java HotSpot(TM) 64-Bit Server VM (25.121-b13 mixed mode windows-amd64 compressed oops)
# Problematic frame:
# C  [opencv_features2d310.dll+0x70389]
#
# Failed to write core dump. Minidumps are not enabled by default on client versions of Windows
#
# If you would like to submit a bug report, please visit:
#   http://bugreport.java.com/bugreport/crash.jsp
# The crash happened outside the Java Virtual Machine in native code.
# See problematic frame for where to report the bug.
#

---------------  T H R E A D  ---------------

Current thread (0x00000000300c0800):  JavaThread "Executor task launch worker-2" daemon [_thread_in_native, id=21256, stack(0x0000000033170000,0x0000000033270000)]

siginfo: ExceptionCode=0xc0000005, reading address 0xffffffffffffffff

Registers:
RAX=0x000000003e943be0, RBX=0x0000000000fb10f0, RCX=0x0000000000fb10f0, RDX=0x000000003326e4c8
RSP=0x000000003326e230, RBP=0x00007ffbdd5cb1b8, RSI=0x000000003326e2e8, RDI=0x000000003326e4c8
R8 =0x000000003326e2e8, R9 =0x00007ffbdd5cb1b8, R10=0x00000000000003e8, R11=0x0000000063fcd358
R12=0x0000000000000000, R13=0x00000005c2555298, R14=0x0000000000000000, R15=0x0000000000000000
RIP=0x00007ffbddba0389, EFLAGS=0x0000000000010246

Top of Stack: (sp=0x000000003326e230)
0x000000003326e230:   3727c5ac00000009 0000000034c21c68
0x000000003326e240:   00000000300c0800 00000000290d38b8
0x000000003326e250:   000000003326e3f0 00000000000003d8
0x000000003326e260:   fffffffffffffffe 0000000000000000
0x000000003326e270:   0000000000000000 0000000000000000
0x000000003326e280:   000000003326e4c8 0000000000000190
0x000000003326e290:   000000003326e4b0 00007ffbddb5783a
0x000000003326e2a0:   0000000034c21c68 0000000000fb10f0
0x000000003326e2b0:   000000003326e3a0 0000000000ba0000
0x000000003326e2c0:   0000000000000400 0000000000ba72c0
0x000000003326e2d0:   000000003a13db30 00007ffc113d6c32
0x000000003326e2e0:   0000000000ba0000 0000000000000000
0x000000003326e2f0:   0000000000000000 0000000000000000
0x000000003326e300:   0000000000000400 00000000290d34e8
0x000000003326e310:   00000000290d3531 0000000900000009
0x000000003326e320:   000000003326e4c8 0000000000ba02bc 

Instructions: (pc=0x00007ffbddba0389)
0x00007ffbddba0369:   68 18 49 8b e9 49 8b f0 48 8b fa 48 8b d9 0f 57
0x00007ffbddba0379:   c0 f3 0f 7f 40 d0 45 33 f6 4c 89 70 e0 48 8b 01
0x00007ffbddba0389:   ff 50 20 84 c0 75 54 48 8b cf e8 78 27 01 00 84
0x00007ffbddba0399:   c0 75 48 41 83 c8 ff 48 8d 54 24 70 48 8b cf e8 


Register to memory mapping:

RAX=0x000000003e943be0 is an unknown value
RBX=0x0000000000fb10f0 is an unknown value
RCX=0x0000000000fb10f0 is an unknown value
RDX=0x000000003326e4c8 is pointing into the stack for thread: 0x00000000300c0800
RSP=0x000000003326e230 is pointing into the stack for thread: 0x00000000300c0800
RBP=0x00007ffbdd5cb1b8 is an unknown value
RSI=0x000000003326e2e8 is pointing into the stack for thread: 0x00000000300c0800
RDI=0x000000003326e4c8 is pointing into the stack for thread: 0x00000000300c0800
R8 =0x000000003326e2e8 is pointing into the stack for thread: 0x00000000300c0800
R9 =0x00007ffbdd5cb1b8 is an unknown value
R10=0x00000000000003e8 is an unknown value
R11=0x0000000063fcd358 is an unknown value
R12=0x0000000000000000 is an unknown value
R13=0x00000005c2555298 is an oop
java.io.PrintStream 
 - klass: 'java/io/PrintStream'
R14=0x0000000000000000 is an unknown value
R15=0x0000000000000000 is an unknown value


Stack: [0x0000000033170000,0x0000000033270000],  sp=0x000000003326e230,  free space=1016k
Native frames: (J=compiled Java code, j=interpreted, Vv=VM code, C=native code)
C  [opencv_features2d310.dll+0x70389]
C  [opencv_features2d310.dll+0x2783a]
C  [jniopencv_features2d.dll+0x54da]
C  0x000000000323a129

Java frames: (J=compiled Java code, j=interpreted, Vv=VM code)
J 7289  org.bytedeco.javacpp.opencv_features2d$BOWImgDescriptorExtractor.compute(Lorg/bytedeco/javacpp/opencv_core$Mat;Lorg/bytedeco/javacpp/opencv_core$Mat;)V (0 bytes) @ 0x000000000323a0a3 [0x000000000323a040+0x63]
J 8138 C2 SparkImage$$anonfun$6.apply(Ljava/lang/Object;)Ljava/lang/Object; (9 bytes) @ 0x00000000040e77cc [0x00000000040e5a40+0x1d8c]
J 7838 C2 scala.collection.Iterator$$anon$11.next()Ljava/lang/Object; (19 bytes) @ 0x0000000003276308 [0x00000000032762a0+0x68]
J 2202 C1 scala.collection.AbstractIterator.foreach(Lscala/Function1;)V (6 bytes) @ 0x00000000032ddc84 [0x00000000032ddb20+0x164]
j  scala.collection.TraversableOnce$class.reduceLeft(Lscala/collection/TraversableOnce;Lscala/Function2;)Ljava/lang/Object;+44
j  scala.collection.AbstractIterator.reduceLeft(Lscala/Function2;)Ljava/lang/Object;+2
j  org.apache.spark.rdd.RDD$$anonfun$reduce$1$$anonfun$14.apply(Lscala/collection/Iterator;)Lscala/Option;+18
j  org.apache.spark.rdd.RDD$$anonfun$reduce$1$$anonfun$14.apply(Ljava/lang/Object;)Ljava/lang/Object;+5
j  org.apache.spark.SparkContext$$anonfun$36.apply(Lorg/apache/spark/TaskContext;Lscala/collection/Iterator;)Ljava/lang/Object;+5
j  org.apache.spark.SparkContext$$anonfun$36.apply(Ljava/lang/Object;Ljava/lang/Object;)Ljava/lang/Object;+9
j  org.apache.spark.scheduler.ResultTask.runTask(Lorg/apache/spark/TaskContext;)Ljava/lang/Object;+154
j  org.apache.spark.scheduler.Task.run(JILorg/apache/spark/metrics/MetricsSystem;)Lscala/Tuple2;+118
j  org.apache.spark.executor.Executor$TaskRunner.run()V+338
j  java.util.concurrent.ThreadPoolExecutor.runWorker(Ljava/util/concurrent/ThreadPoolExecutor$Worker;)V+95
j  java.util.concurrent.ThreadPoolExecutor$Worker.run()V+5
j  java.lang.Thread.run()V+11
v  ~StubRoutines::call_stub

---------------  P R O C E S S  ---------------

Java Threads: ( => current thread )
  0x000000003041a800 JavaThread "JavaCPP Deallocator" daemon [_thread_blocked, id=11768, stack(0x0000000035f70000,0x0000000036070000)]
  0x0000000030417000 JavaThread "task-result-getter-3" daemon [_thread_blocked, id=21288, stack(0x0000000033a70000,0x0000000033b70000)]
  0x0000000030413000 JavaThread "task-result-getter-2" daemon [_thread_blocked, id=21312, stack(0x0000000033970000,0x0000000033a70000)]
  0x00000000300c5800 JavaThread "task-result-getter-1" daemon [_thread_blocked, id=21284, stack(0x0000000033870000,0x0000000033970000)]
  0x00000000300c0000 JavaThread "Executor task launch worker-6" daemon [_thread_in_native, id=21272, stack(0x0000000033570000,0x0000000033670000)]
=>0x00000000300c0800 JavaThread "Executor task launch worker-2" daemon [_thread_in_native, id=21256, stack(0x0000000033170000,0x0000000033270000)]
  0x00000000300bf000 JavaThread "task-result-getter-0" daemon [_thread_blocked, id=21248, stack(0x0000000032f70000,0x0000000033070000)]
  0x00000000300ba800 JavaThread "SparkListenerBus" daemon [_thread_blocked, id=18728, stack(0x0000000031f70000,0x0000000032070000)]
  0x00000000300be800 JavaThread "context-cleaner-periodic-gc" daemon [_thread_blocked, id=3440, stack(0x0000000031e70000,0x0000000031f70000)]
  0x00000000300b7000 JavaThread "Spark Context Cleaner" daemon [_thread_blocked, id=13088, stack(0x0000000031d70000,0x0000000031e70000)]
  0x00000000300bd800 JavaThread "shuffle-server-0" daemon [_thread_in_native, id=18640, stack(0x0000000031c70000,0x0000000031d70000)]
  0x00000000300bb800 JavaThread "driver-heartbeater" daemon [_thread_blocked, id=19756, stack(0x0000000031b70000,0x0000000031c70000)]
  0x00000000300ba000 JavaThread "dag-scheduler-event-loop" daemon [_thread_blocked, id=8440, stack(0x0000000031a70000,0x0000000031b70000)]
  0x00000000300b9000 JavaThread "netty-rpc-env-timeout" daemon [_thread_blocked, id=2104, stack(0x0000000031970000,0x0000000031a70000)]
  0x00000000300b6000 JavaThread "Timer-0" daemon [_thread_blocked, id=15124, stack(0x0000000031870000,0x0000000031970000)]
  0x00000000300bd000 JavaThread "heartbeat-receiver-event-loop-thread" daemon [_thread_blocked, id=18116, stack(0x0000000031770000,0x0000000031870000)]
  0x000000002ac98800 JavaThread "qtp1510087865-66" daemon [_thread_blocked, id=16900, stack(0x00000000313b0000,0x00000000314b0000)]
  0x000000002ac98000 JavaThread "qtp1510087865-65" daemon [_thread_blocked, id=16544, stack(0x00000000312b0000,0x00000000313b0000)]
  0x000000002ac97000 JavaThread "qtp1510087865-64" daemon [_thread_blocked, id=19764, stack(0x00000000311b0000,0x00000000312b0000)]
  0x000000002ac96800 JavaThread "qtp1510087865-63" daemon [_thread_blocked, id=15708, stack(0x00000000310b0000,0x00000000311b0000)]
  0x000000002ac95800 JavaThread "qtp1510087865-62 Selector1" daemon [_thread_in_native, id=15960, stack(0x0000000030fb0000,0x00000000310b0000)]
  0x000000002ac95000 JavaThread "qtp1510087865-61 Acceptor0 SelectChannelConnector@0.0.0.0:4040" daemon [_thread_blocked, id=20444, stack(0x0000000030eb0000,0x0000000030fb0000)]
  0x000000002ac8d800 JavaThread "qtp1510087865-60 Selector0" daemon [_thread_in_native, id=14268, stack(0x0000000030db0000,0x0000000030eb0000)]
  0x000000002ac94000 JavaThread "qtp1510087865-59 Acceptor1 SelectChannelConnector@0.0.0.0:4040" daemon [_thread_in_native, id=15556, stack(0x000000002f8c0000,0x000000002f9c0000)]
  0x000000002ac8c800 JavaThread "refresh progress" daemon [_thread_blocked, id=16764, stack(0x000000002f400000,0x000000002f500000)]
  0x000000002ac93800 JavaThread "SPARK_CONTEXT cleanup timer" daemon [_thread_blocked, id=14852, stack(0x000000002f300000,0x000000002f400000)]
  0x000000002ac8c000 JavaThread "BROADCAST_VARS cleanup timer" daemon [_thread_blocked, id=12740, stack(0x000000002f200000,0x000000002f300000)]
  0x000000002ac92000 JavaThread "BLOCK_MANAGER cleanup timer" daemon [_thread_blocked, id=20284, stack(0x000000002f100000,0x000000002f200000)]
  0x000000002ac91000 JavaThread "MAP_OUTPUT_TRACKER cleanup timer" daemon [_thread_blocked, id=20808, stack(0x000000002ee00000,0x000000002ef00000)]
  0x000000002ac92800 JavaThread "New I/O server boss #6" daemon [_thread_in_native, id=20804, stack(0x000000002ed00000,0x000000002ee00000)]
  0x000000002ac89800 JavaThread "New I/O worker #5" daemon [_thread_in_native, id=13996, stack(0x000000002ec00000,0x000000002ed00000)]
  0x000000002ac8b000 JavaThread "New I/O worker #4" daemon [_thread_in_native, id=548, stack(0x000000002eb00000,0x000000002ec00000)]
  0x000000002ac8e000 JavaThread "New I/O boss #3" daemon [_thread_in_native, id=20912, stack(0x000000002ea00000,0x000000002eb00000)]
  0x000000002ac90800 JavaThread "New I/O worker #2" daemon [_thread_in_native, id=5964, stack(0x000000002e900000,0x000000002ea00000)]
  0x000000002ac8f800 JavaThread "New I/O worker #1" daemon [_thread_in_native, id=20816, stack(0x000000002e800000,0x000000002e900000)]
  0x000000002ac8f000 JavaThread "sparkDriverActorSystem-akka.remote.default-remote-dispatcher-6" daemon [_thread_blocked, id=20604, stack(0x000000002e500000,0x000000002e600000)]
  0x000000002ac8a800 JavaThread "sparkDriverActorSystem-akka.remote.default-remote-dispatcher-5" daemon [_thread_blocked, id=20396, stack(0x000000002e400000,0x000000002e500000)]
  0x000000002ab22000 JavaThread "sparkDriverActorSystem-akka.actor.default-dispatcher-4" daemon [_thread_blocked, id=18108, stack(0x000000002e300000,0x000000002e400000)]
  0x000000002ab23800 JavaThread "sparkDriverActorSystem-scheduler-1" daemon [_thread_blocked, id=16820, stack(0x000000002de00000,0x000000002df00000)]
  0x000000002ab22800 JavaThread "shuffle-server-0" daemon [_thread_in_native, id=16992, stack(0x000000002dd00000,0x000000002de00000)]
  0x000000002acc6800 JavaThread "dispatcher-event-loop-7" daemon [_thread_blocked, id=13824, stack(0x000000002d900000,0x000000002da00000)]
  0x000000002acc4000 JavaThread "dispatcher-event-loop-6" daemon [_thread_blocked, id=19612, stack(0x000000002d700000,0x000000002d800000)]
  0x000000002acc3000 JavaThread "dispatcher-event-loop-5" daemon [_thread_blocked, id=20364, stack(0x000000002d600000,0x000000002d700000)]
  0x000000002a038000 JavaThread "dispatcher-event-loop-4" daemon [_thread_blocked, id=1932, stack(0x000000002d500000,0x000000002d600000)]
  0x000000002a037800 JavaThread "dispatcher-event-loop-3" daemon [_thread_blocked, id=19720, stack(0x000000002d400000,0x000000002d500000)]
  0x000000002a036800 JavaThread "dispatcher-event-loop-2" daemon [_thread_blocked, id=17656, stack(0x000000002d300000,0x000000002d400000)]
  0x000000002b435000 JavaThread "dispatcher-event-loop-1" daemon [_thread_blocked, id=19856, stack(0x000000002d200000,0x000000002d300000)]
  0x000000002a03c000 JavaThread "dispatcher-event-loop-0" daemon [_thread_blocked, id=18052, stack(0x000000002d100000,0x000000002d200000)]
  0x0000000029c26800 JavaThread "Monitor Ctrl-Break" daemon [_thread_in_native, id=19700, stack(0x000000002a440000,0x000000002a540000)]
  0x0000000027e13000 JavaThread "Service Thread" daemon [_thread_blocked, id=19664, stack(0x0000000028920000,0x0000000028a20000)]
  0x0000000027d87000 JavaThread "C1 CompilerThread3" daemon [_thread_blocked, id=10980, stack(0x0000000028820000,0x0000000028920000)]
  0x0000000027d74800 JavaThread "C2 CompilerThread2" daemon [_thread_blocked, id=19644, stack(0x0000000028720000,0x0000000028820000)]
  0x0000000027d73000 JavaThread "C2 CompilerThread1" daemon [_thread_blocked, id=19668, stack(0x0000000028620000,0x0000000028720000)]
  0x0000000027d6f800 JavaThread "C2 CompilerThread0" daemon [_thread_blocked, id=11244, stack(0x0000000028520000,0x0000000028620000)]
  0x0000000027d69000 JavaThread "Attach Listener" daemon [_thread_blocked, id=1864, stack(0x0000000028420000,0x0000000028520000)]
  0x0000000027d68000 JavaThread "Signal Dispatcher" daemon [_thread_blocked, id=10600, stack(0x0000000028320000,0x0000000028420000)]
  0x0000000027d60800 JavaThread "Finalizer" daemon [_thread_blocked, id=15364, stack(0x0000000028140000,0x0000000028240000)]
  0x0000000002f49000 JavaThread "Reference Handler" daemon [_thread_blocked, id=19896, stack(0x0000000027c40000,0x0000000027d40000)]
  0x0000000002b4e800 JavaThread "main" [_thread_blocked, id=13648, stack(0x0000000002d50000,0x0000000002e50000)]

Other Threads:
  0x0000000025e59800 VMThread [stack: 0x0000000027b40000,0x0000000027c40000] [id=19844]
  0x0000000027e30800 WatcherThread [stack: 0x0000000028a20000,0x0000000028b20000] [id=13520]

VM state:not at safepoint (normal execution)

VM Mutex/Monitor currently owned by a thread: None

Heap:
 PSYoungGen      total 417280K, used 33255K [0x0000000716180000, 0x0000000734180000, 0x00000007c0000000)
  eden space 395264K, 2% used [0x0000000716180000,0x0000000716cf8990,0x000000072e380000)
  from space 22016K, 97% used [0x000000072ee00000,0x00000007303015f0,0x0000000730380000)
  to   space 48128K, 0% used [0x0000000731280000,0x0000000731280000,0x0000000734180000)
 ParOldGen       total 375296K, used 90776K [0x00000005c2400000, 0x00000005d9280000, 0x0000000716180000)
  object space 375296K, 24% used [0x00000005c2400000,0x00000005c7ca6360,0x00000005d9280000)
 Metaspace       used 68385K, capacity 69016K, committed 69248K, reserved 1107968K
  class space    used 9675K, capacity 9839K, committed 9856K, reserved 1048576K

Card table byte_map: [0x0000000012310000,0x0000000013300000] byte_map_base: 0x000000000f4fe000

Marking Bits: (ParMarkBitMap*) 0x0000000063fdb6d0
 Begin Bits: [0x00000000145a0000, 0x000000001c510000)
 End Bits:   [0x000000001c510000, 0x0000000024480000)

Polling page: 0x00000000029c0000

CodeCache: size=245760Kb used=19132Kb max_used=20024Kb free=226627Kb
 bounds [0x0000000002f50000, 0x0000000004330000, 0x0000000011f50000]
 total_blobs=7232 nmethods=6550 adapters=591
 compilation: enabled

Compilation events (10 events):
Event: 207.049 Thread 0x0000000027d87000 8174       3       java.lang.Class::getField (30 bytes)
Event: 207.050 Thread 0x0000000027d87000 nmethod 8174 0x0000000003acfbd0 code [0x0000000003acfd60, 0x0000000003ad0038]
Event: 207.050 Thread 0x0000000027d87000 8175       3       scala.concurrent.impl.CallbackRunnable::value_$eq (6 bytes)
Event: 207.050 Thread 0x0000000027d87000 nmethod 8175 0x000000000416d6d0 code [0x000000000416d820, 0x000000000416d990]
Event: 207.050 Thread 0x0000000027d87000 8176   !   3       scala.concurrent.impl.CallbackRunnable::run (74 bytes)
Event: 207.051 Thread 0x0000000027d87000 nmethod 8176 0x0000000004282690 code [0x00000000042828c0, 0x0000000004283558]
Event: 207.052 Thread 0x0000000027d87000 8177       3       scala.concurrent.impl.Promise$CompletionLatch::tryAcquireShared (14 bytes)
Event: 207.052 Thread 0x0000000027d87000 nmethod 8177 0x00000000041fcdd0 code [0x00000000041fcf20, 0x00000000041fd170]
Event: 212.946 Thread 0x0000000027d87000 8178   !   3       scala.concurrent.forkjoin.ForkJoinPool::tryTerminate (525 bytes)
Event: 212.950 Thread 0x0000000027d87000 nmethod 8178 0x0000000004284090 code [0x00000000042843c0, 0x00000000042866c8]

GC Heap History (10 events):
Event: 204.404 GC heap before
{Heap before GC invocations=54 (full 3):
 PSYoungGen      total 477696K, used 477204K [0x0000000716180000, 0x0000000738000000, 0x00000007c0000000)
  eden space 452608K, 100% used [0x0000000716180000,0x0000000731b80000,0x0000000731b80000)
  from space 25088K, 98% used [0x0000000736780000,0x0000000737f85010,0x0000000738000000)
  to   space 50688K, 0% used [0x0000000731d00000,0x0000000731d00000,0x0000000734e80000)
 ParOldGen       total 375296K, used 87491K [0x00000005c2400000, 0x00000005d9280000, 0x0000000716180000)
  object space 375296K, 23% used [0x00000005c2400000,0x00000005c7970f38,0x00000005d9280000)
 Metaspace       used 68373K, capacity 68952K, committed 68992K, reserved 1107968K
  class space    used 9675K, capacity 9839K, committed 9856K, reserved 1048576K
Event: 204.411 GC heap after
Heap after GC invocations=54 (full 3):
 PSYoungGen      total 464384K, used 23871K [0x0000000716180000, 0x0000000737180000, 0x00000007c0000000)
  eden space 440320K, 0% used [0x0000000716180000,0x0000000716180000,0x0000000730f80000)
  from space 24064K, 99% used [0x0000000731d00000,0x000000073344fd40,0x0000000733480000)
  to   space 50176K, 0% used [0x0000000734080000,0x0000000734080000,0x0000000737180000)
 ParOldGen       total 375296K, used 88207K [0x00000005c2400000, 0x00000005d9280000, 0x0000000716180000)
  object space 375296K, 23% used [0x00000005c2400000,0x00000005c7a23fb0,0x00000005d9280000)
 Metaspace       used 68373K, capacity 68952K, committed 68992K, reserved 1107968K
  class space    used 9675K, capacity 9839K, committed 9856K, reserved 1048576K
}
Event: 207.131 GC heap before
{Heap before GC invocations=55 (full 3):
 PSYoungGen      total 464384K, used 464191K [0x0000000716180000, 0x0000000737180000, 0x00000007c0000000)
  eden space 440320K, 100% used [0x0000000716180000,0x0000000730f80000,0x0000000730f80000)
  from space 24064K, 99% used [0x0000000731d00000,0x000000073344fd40,0x0000000733480000)
  to   space 50176K, 0% used [0x0000000734080000,0x0000000734080000,0x0000000737180000)
 ParOldGen       total 375296K, used 88207K [0x00000005c2400000, 0x00000005d9280000, 0x0000000716180000)
  object space 375296K, 23% used [0x00000005c2400000,0x00000005c7a23fb0,0x00000005d9280000)
 Metaspace       used 68379K, capacity 68952K, committed 68992K, reserved 1107968K
  class space    used 9675K, capacity 9839K, committed 9856K, reserved 1048576K
Event: 207.141 GC heap after
Heap after GC invocations=55 (full 3):
 PSYoungGen      total 466944K, used 23181K [0x0000000716180000, 0x0000000736600000, 0x00000007c0000000)
  eden space 428544K, 0% used [0x0000000716180000,0x0000000716180000,0x0000000730400000)
  from space 38400K, 60% used [0x0000000734080000,0x0000000735723458,0x0000000736600000)
  to   space 50176K, 0% used [0x0000000730400000,0x0000000730400000,0x0000000733500000)
 ParOldGen       total 375296K, used 88874K [0x00000005c2400000, 0x00000005d9280000, 0x0000000716180000)
  object space 375296K, 23% used [0x00000005c2400000,0x00000005c7aca808,0x00000005d9280000)
 Metaspace       used 68379K, capacity 68952K, committed 68992K, reserved 1107968K
  class space    used 9675K, capacity 9839K, committed 9856K, reserved 1048576K
}
Event: 209.686 GC heap before
{Heap before GC invocations=56 (full 3):
 PSYoungGen      total 466944K, used 451725K [0x0000000716180000, 0x0000000736600000, 0x00000007c0000000)
  eden space 428544K, 100% used [0x0000000716180000,0x0000000730400000,0x0000000730400000)
  from space 38400K, 60% used [0x0000000734080000,0x0000000735723458,0x0000000736600000)
  to   space 50176K, 0% used [0x0000000730400000,0x0000000730400000,0x0000000733500000)
 ParOldGen       total 375296K, used 88874K [0x00000005c2400000, 0x00000005d9280000, 0x0000000716180000)
  object space 375296K, 23% used [0x00000005c2400000,0x00000005c7aca808,0x00000005d9280000)
 Metaspace       used 68379K, capacity 68952K, committed 68992K, reserved 1107968K
  class space    used 9675K, capacity 9839K, committed 9856K, reserved 1048576K
Event: 209.693 GC heap after
Heap after GC invocations=56 (full 3):
 PSYoungGen      total 440320K, used 22625K [0x0000000716180000, 0x0000000735900000, 0x00000007c0000000)
  eden space 417280K, 0% used [0x0000000716180000,0x0000000716180000,0x000000072f900000)
  from space 23040K, 98% used [0x0000000730400000,0x0000000731a18668,0x0000000731a80000)
  to   space 49152K, 0% used [0x0000000732900000,0x0000000732900000,0x0000000735900000)
 ParOldGen       total 375296K, used 89532K [0x00000005c2400000, 0x00000005d9280000, 0x0000000716180000)
  object space 375296K, 23% used [0x00000005c2400000,0x00000005c7b6f1f0,0x00000005d9280000)
 Metaspace       used 68379K, capacity 68952K, committed 68992K, reserved 1107968K
  class space    used 9675K, capacity 9839K, committed 9856K, reserved 1048576K
}
Event: 212.134 GC heap before
{Heap before GC invocations=57 (full 3):
 PSYoungGen      total 440320K, used 439905K [0x0000000716180000, 0x0000000735900000, 0x00000007c0000000)
  eden space 417280K, 100% used [0x0000000716180000,0x000000072f900000,0x000000072f900000)
  from space 23040K, 98% used [0x0000000730400000,0x0000000731a18668,0x0000000731a80000)
  to   space 49152K, 0% used [0x0000000732900000,0x0000000732900000,0x0000000735900000)
 ParOldGen       total 375296K, used 89532K [0x00000005c2400000, 0x00000005d9280000, 0x0000000716180000)
  object space 375296K, 23% used [0x00000005c2400000,0x00000005c7b6f1f0,0x00000005d9280000)
 Metaspace       used 68379K, capacity 68952K, committed 68992K, reserved 1107968K
  class space    used 9675K, capacity 9839K, committed 9856K, reserved 1048576K
Event: 212.141 GC heap after
Heap after GC invocations=57 (full 3):
 PSYoungGen      total 442880K, used 21987K [0x0000000716180000, 0x0000000734d00000, 0x00000007c0000000)
  eden space 406016K, 0% used [0x0000000716180000,0x0000000716180000,0x000000072ee00000)
  from space 36864K, 59% used [0x0000000732900000,0x0000000733e78fd8,0x0000000734d00000)
  to   space 48640K, 0% used [0x000000072ee00000,0x000000072ee00000,0x0000000731d80000)
 ParOldGen       total 375296K, used 90165K [0x00000005c2400000, 0x00000005d9280000, 0x0000000716180000)
  object space 375296K, 24% used [0x00000005c2400000,0x00000005c7c0d688,0x00000005d9280000)
 Metaspace       used 68379K, capacity 68952K, committed 68992K, reserved 1107968K
  class space    used 9675K, capacity 9839K, committed 9856K, reserved 1048576K
}
Event: 214.469 GC heap before
{Heap before GC invocations=58 (full 3):
 PSYoungGen      total 442880K, used 428003K [0x0000000716180000, 0x0000000734d00000, 0x00000007c0000000)
  eden space 406016K, 100% used [0x0000000716180000,0x000000072ee00000,0x000000072ee00000)
  from space 36864K, 59% used [0x0000000732900000,0x0000000733e78fd8,0x0000000734d00000)
  to   space 48640K, 0% used [0x000000072ee00000,0x000000072ee00000,0x0000000731d80000)
 ParOldGen       total 375296K, used 90165K [0x00000005c2400000, 0x00000005d9280000, 0x0000000716180000)
  object space 375296K, 24% used [0x00000005c2400000,0x00000005c7c0d688,0x00000005d9280000)
 Metaspace       used 68385K, capacity 69016K, committed 69248K, reserved 1107968K
  class space    used 9675K, capacity 9839K, committed 9856K, reserved 1048576K
Event: 214.477 GC heap after
Heap after GC invocations=58 (full 3):
 PSYoungGen      total 417280K, used 21509K [0x0000000716180000, 0x0000000734180000, 0x00000007c0000000)
  eden space 395264K, 0% used [0x0000000716180000,0x0000000716180000,0x000000072e380000)
  from space 22016K, 97% used [0x000000072ee00000,0x00000007303015f0,0x0000000730380000)
  to   space 48128K, 0% used [0x0000000731280000,0x0000000731280000,0x0000000734180000)
 ParOldGen       total 375296K, used 90776K [0x00000005c2400000, 0x00000005d9280000, 0x0000000716180000)
  object space 375296K, 24% used [0x00000005c2400000,0x00000005c7ca6360,0x00000005d9280000)
 Metaspace       used 68385K, capacity 69016K, committed 69248K, reserved 1107968K
  class space    used 9675K, capacity 9839K, committed 9856K, reserved 1048576K
}

Deoptimization events (10 events):
Event: 32.188 Thread 0x00000000300c0800 Uncommon trap: reason=class_check action=maybe_recompile pc=0x00000000035b5e84 method=java.util.HashMap.removeNode(ILjava/lang/Object;Ljava/lang/Object;ZZ)Ljava/util/HashMap$Node; @ 68
Event: 32.188 Thread 0x00000000300c0800 Uncommon trap: reason=unstable_if action=reinterpret pc=0x00000000035b5e60 method=java.util.HashMap.removeNode(ILjava/lang/Object;Ljava/lang/Object;ZZ)Ljava/util/HashMap$Node; @ 133
Event: 35.140 Thread 0x00000000300c0000 Uncommon trap: reason=class_check action=maybe_recompile pc=0x00000000033fcb90 method=java.util.HashMap.removeNode(ILjava/lang/Object;Ljava/lang/Object;ZZ)Ljava/util/HashMap$Node; @ 68
Event: 38.812 Thread 0x00000000300c0800 Uncommon trap: reason=predicate action=maybe_recompile pc=0x0000000003da157c method=java.util.AbstractCollection.toArray([Ljava/lang/Object;)[Ljava/lang/Object; @ 49
Event: 39.338 Thread 0x00000000300c0800 Uncommon trap: reason=array_check action=maybe_recompile pc=0x00000000037eaa34 method=java.util.AbstractCollection.toArray([Ljava/lang/Object;)[Ljava/lang/Object; @ 119
Event: 39.342 Thread 0x00000000300c0000 Uncommon trap: reason=array_check action=maybe_recompile pc=0x00000000037eaa34 method=java.util.AbstractCollection.toArray([Ljava/lang/Object;)[Ljava/lang/Object; @ 119
Event: 39.368 Thread 0x00000000300c0000 Uncommon trap: reason=array_check action=maybe_recompile pc=0x00000000037eaa34 method=java.util.AbstractCollection.toArray([Ljava/lang/Object;)[Ljava/lang/Object; @ 119
Event: 39.378 Thread 0x00000000300c0800 Uncommon trap: reason=array_check action=maybe_recompile pc=0x00000000037eaa34 method=java.util.AbstractCollection.toArray([Ljava/lang/Object;)[Ljava/lang/Object; @ 119
Event: 64.088 Thread 0x00000000300c0000 Uncommon trap: reason=null_check action=make_not_entrant pc=0x0000000003667f70 method=com.sun.org.apache.xerces.internal.parsers.AbstractDOMParser.xmlDecl(Ljava/lang/String;Ljava/lang/String;Ljava/lang/String;Lcom/sun/org/apache/xerces/internal/xni/Augmen
Event: 198.685 Thread 0x00000000300c0800 Uncommon trap: reason=unstable_if action=reinterpret pc=0x0000000003fcff7c method=sun.nio.cs.UTF_8$Decoder.decodeArrayLoop(Ljava/nio/ByteBuffer;Ljava/nio/CharBuffer;)Ljava/nio/charset/CoderResult; @ 447

Internal exceptions (10 events):
Event: 16.456 Thread 0x00000000300c1800 Exception <a 'java/lang/NoSuchMethodError': <clinit>> (0x00000007277781a0) thrown at [C:\re\workspace\8-2-build-windows-amd64-cygwin\jdk8u121\8372\hotspot\src\share\vm\prims\jni.cpp, line 1613]
Event: 16.457 Thread 0x00000000300c1800 Exception <a 'java/lang/NoSuchMethodError': <clinit>> (0x000000072777f248) thrown at [C:\re\workspace\8-2-build-windows-amd64-cygwin\jdk8u121\8372\hotspot\src\share\vm\prims\jni.cpp, line 1613]
Event: 16.457 Thread 0x00000000300b7800 Exception <a 'java/lang/NoSuchMethodError': <clinit>> (0x000000072768b8e0) thrown at [C:\re\workspace\8-2-build-windows-amd64-cygwin\jdk8u121\8372\hotspot\src\share\vm\prims\jni.cpp, line 1613]
Event: 16.457 Thread 0x00000000300c1800 Exception <a 'java/lang/NoSuchMethodError': <clinit>> (0x0000000727784958) thrown at [C:\re\workspace\8-2-build-windows-amd64-cygwin\jdk8u121\8372\hotspot\src\share\vm\prims\jni.cpp, line 1613]
Event: 16.457 Thread 0x00000000300b7800 Exception <a 'java/lang/NoSuchMethodError': <clinit>> (0x0000000727690bf8) thrown at [C:\re\workspace\8-2-build-windows-amd64-cygwin\jdk8u121\8372\hotspot\src\share\vm\prims\jni.cpp, line 1613]
Event: 16.489 Thread 0x0000000002b4e800 Exception <a 'java/lang/NoSuchMethodError': <clinit>> (0x000000071bdaab80) thrown at [C:\re\workspace\8-2-build-windows-amd64-cygwin\jdk8u121\8372\hotspot\src\share\vm\prims\jni.cpp, line 1613]
Event: 19.925 Thread 0x00000000300ba000 Exception <a 'java/lang/NoSuchMethodError': <clinit>> (0x000000071c2683d8) thrown at [C:\re\workspace\8-2-build-windows-amd64-cygwin\jdk8u121\8372\hotspot\src\share\vm\prims\jni.cpp, line 1613]
Event: 19.925 Thread 0x00000000300ba000 Exception <a 'java/lang/NoSuchMethodError': <clinit>> (0x000000071c26c6e8) thrown at [C:\re\workspace\8-2-build-windows-amd64-cygwin\jdk8u121\8372\hotspot\src\share\vm\prims\jni.cpp, line 1613]
Event: 19.932 Thread 0x000000002a036800 Exception <a 'java/lang/NoSuchMethodError': <clinit>> (0x000000071c75a4b8) thrown at [C:\re\workspace\8-2-build-windows-amd64-cygwin\jdk8u121\8372\hotspot\src\share\vm\prims\jni.cpp, line 1613]
Event: 22.936 Thread 0x00000000300c0000 Implicit null exception at 0x0000000003e6b127 to 0x0000000003e6b5bd

Events (10 events):
Event: 204.404 Executing VM operation: ParallelGCFailedAllocation
Event: 204.412 Executing VM operation: ParallelGCFailedAllocation done
Event: 207.130 Executing VM operation: ParallelGCFailedAllocation
Event: 207.141 Executing VM operation: ParallelGCFailedAllocation done
Event: 209.686 Executing VM operation: ParallelGCFailedAllocation
Event: 209.693 Executing VM operation: ParallelGCFailedAllocation done
Event: 212.134 Executing VM operation: ParallelGCFailedAllocation
Event: 212.141 Executing VM operation: ParallelGCFailedAllocation done
Event: 214.469 Executing VM operation: ParallelGCFailedAllocation
Event: 214.477 Executing VM operation: ParallelGCFailedAllocation done


Dynamic libraries:
0x00007ff669300000 - 0x00007ff669337000 	C:\Program Files\Java\jdk1.8.0_121\jre\bin\java.exe
0x00007ffc113b0000 - 0x00007ffc11571000 	C:\windows\SYSTEM32\ntdll.dll
0x00007ffc0e7b0000 - 0x00007ffc0e85d000 	C:\windows\system32\KERNEL32.DLL
0x00007ffc0dd70000 - 0x00007ffc0df58000 	C:\windows\system32\KERNELBASE.dll
0x00007ffc11000000 - 0x00007ffc110a7000 	C:\windows\system32\ADVAPI32.dll
0x00007ffc0e860000 - 0x00007ffc0e8fd000 	C:\windows\system32\msvcrt.dll
0x00007ffc10290000 - 0x00007ffc102eb000 	C:\windows\system32\sechost.dll
0x00007ffc0ec10000 - 0x00007ffc0ed2c000 	C:\windows\system32\RPCRT4.dll
0x00007ffc107e0000 - 0x00007ffc10936000 	C:\windows\system32\USER32.dll
0x00007ffc10b60000 - 0x00007ffc10ce6000 	C:\windows\system32\GDI32.dll
0x00007ffc0a760000 - 0x00007ffc0a9d4000 	C:\windows\WinSxS\amd64_microsoft.windows.common-controls_6595b64144ccf1df_6.0.10586.672_none_a2d6b3cea53ff843\COMCTL32.dll
0x00007ffc10d80000 - 0x00007ffc10ffd000 	C:\windows\system32\combase.dll
0x00007ffc0dd00000 - 0x00007ffc0dd6a000 	C:\windows\system32\bcryptPrimitives.dll
0x00007ffc0ea10000 - 0x00007ffc0ea4b000 	C:\windows\system32\IMM32.DLL
0x00007ffbf33a0000 - 0x00007ffbf3447000 	C:\Program Files\McAfee\Host Intrusion Prevention\HcApi.dll
0x00000000665c0000 - 0x00000000665cc000 	C:\Program Files\McAfee\Host Intrusion Prevention\HcThe.dll
0x0000000064060000 - 0x0000000064132000 	C:\Program Files\Java\jdk1.8.0_121\jre\bin\msvcr100.dll
0x00000000637c0000 - 0x000000006405b000 	C:\Program Files\Java\jdk1.8.0_121\jre\bin\server\jvm.dll
0x00007ffc10b50000 - 0x00007ffc10b58000 	C:\windows\system32\PSAPI.DLL
0x00007ffc0b910000 - 0x00007ffc0b919000 	C:\windows\SYSTEM32\WSOCK32.dll
0x00007ffc0eb40000 - 0x00007ffc0ebab000 	C:\windows\system32\WS2_32.dll
0x00007ffc0a9f0000 - 0x00007ffc0a9fa000 	C:\windows\SYSTEM32\VERSION.dll
0x00007ffc0aa00000 - 0x00007ffc0aa23000 	C:\windows\SYSTEM32\WINMM.dll
0x00007ffc0a730000 - 0x00007ffc0a75c000 	C:\windows\SYSTEM32\WINMMBASE.dll
0x00007ffc0df60000 - 0x00007ffc0dfa3000 	C:\windows\system32\cfgmgr32.dll
0x0000000065f40000 - 0x0000000065f4f000 	C:\Program Files\Java\jdk1.8.0_121\jre\bin\verify.dll
0x00000000651c0000 - 0x00000000651e9000 	C:\Program Files\Java\jdk1.8.0_121\jre\bin\java.dll
0x0000000065ef0000 - 0x0000000065f06000 	C:\Program Files\Java\jdk1.8.0_121\jre\bin\zip.dll
0x00007ffc0ed30000 - 0x00007ffc1028c000 	C:\windows\system32\SHELL32.dll
0x00007ffc0e100000 - 0x00007ffc0e745000 	C:\windows\system32\windows.storage.dll
0x00007ffc0ebb0000 - 0x00007ffc0ec02000 	C:\windows\system32\shlwapi.dll
0x00007ffc0da50000 - 0x00007ffc0da5f000 	C:\windows\system32\kernel.appcore.dll
0x00007ffc0dfb0000 - 0x00007ffc0e065000 	C:\windows\system32\shcore.dll
0x00007ffc0da00000 - 0x00007ffc0da4b000 	C:\windows\system32\powrprof.dll
0x00007ffc0d9d0000 - 0x00007ffc0d9e4000 	C:\windows\system32\profapi.dll
0x00007ffc06560000 - 0x00007ffc06570000 	C:\Program Files (x86)\JetBrains\IntelliJ IDEA Community Edition 2016.3.3\bin\breakgen64.dll
0x00000000651a0000 - 0x00000000651ba000 	C:\Program Files\Java\jdk1.8.0_121\jre\bin\net.dll
0x00007ffc0d300000 - 0x00007ffc0d35c000 	C:\windows\system32\mswsock.dll
0x00007ffc0d3b0000 - 0x00007ffc0d3c7000 	C:\windows\SYSTEM32\CRYPTSP.dll
0x00007ffc0d040000 - 0x00007ffc0d074000 	C:\windows\system32\rsaenh.dll
0x00007ffc0d5d0000 - 0x00007ffc0d5f9000 	C:\windows\SYSTEM32\bcrypt.dll
0x00007ffc0d190000 - 0x00007ffc0d1af000 	C:\windows\SYSTEM32\USERENV.dll
0x00007ffc0d4d0000 - 0x00007ffc0d4db000 	C:\windows\SYSTEM32\CRYPTBASE.dll
0x00007ffc0bb20000 - 0x00007ffc0bb58000 	C:\windows\SYSTEM32\IPHLPAPI.DLL
0x00007ffc10d70000 - 0x00007ffc10d78000 	C:\windows\system32\NSI.dll
0x00007ffc0b940000 - 0x00007ffc0b956000 	C:\windows\SYSTEM32\dhcpcsvc6.DLL
0x00007ffc0b920000 - 0x00007ffc0b93a000 	C:\windows\SYSTEM32\dhcpcsvc.DLL
0x0000000065180000 - 0x0000000065191000 	C:\Program Files\Java\jdk1.8.0_121\jre\bin\nio.dll
0x0000000065f30000 - 0x0000000065f3d000 	C:\Program Files\Java\jdk1.8.0_121\jre\bin\management.dll
0x0000000065170000 - 0x0000000065179000 	C:\Program Files\Java\jdk1.8.0_121\jre\bin\w2k_lsa_auth.dll
0x00007ffc04e70000 - 0x00007ffc04e7c000 	C:\windows\SYSTEM32\Secur32.dll
0x00007ffc0d6e0000 - 0x00007ffc0d70d000 	C:\windows\SYSTEM32\SSPICLI.DLL
0x0000000065160000 - 0x0000000065169000 	C:\Program Files\Java\jdk1.8.0_121\jre\bin\jaas_nt.dll
0x00007ffbfa3c0000 - 0x00007ffbfa3d6000 	C:\windows\system32\napinsp.dll
0x00007ffbfa3a0000 - 0x00007ffbfa3ba000 	C:\windows\system32\pnrpnsp.dll
0x00007ffc0afe0000 - 0x00007ffc0aff8000 	C:\windows\system32\NLAapi.dll
0x00007ffc0c440000 - 0x00007ffc0c4ea000 	C:\windows\SYSTEM32\DNSAPI.dll
0x00007ffbf9c80000 - 0x00007ffbf9c8d000 	C:\windows\System32\winrnr.dll
0x00007ffbf9c60000 - 0x00007ffbf9c75000 	C:\windows\System32\wshbth.dll
0x00007ffc07060000 - 0x00007ffc0706a000 	C:\Windows\System32\rasadhlp.dll
0x00007ffc0ba60000 - 0x00007ffc0bac7000 	C:\windows\System32\fwpuclnt.dll
0x0000000064e80000 - 0x0000000064ea4000 	C:\Program Files\Java\jdk1.8.0_121\jre\bin\sunec.dll
0x00007ffc0bb60000 - 0x00007ffc0bb6b000 	C:\windows\SYSTEM32\WINNSI.DLL
0x0000000070280000 - 0x00000000702a9000 	C:\Users\ac010168\AppData\Local\Temp\snappy-1.1.2-de5c0475-53a0-45bc-8425-a0bc8f993d5b-snappyjava.dll
0x00007ffbe3990000 - 0x00007ffbe3a7f000 	C:\Users\ac010168\.javacpp\cache\opencv-3.1.0-1.3-windows-x86_64.jar\org\bytedeco\javacpp\windows-x86_64\msvcr120.dll
0x00007ffbe2cc0000 - 0x00007ffbe2d66000 	C:\Users\ac010168\.javacpp\cache\opencv-3.1.0-1.3-windows-x86_64.jar\org\bytedeco\javacpp\windows-x86_64\msvcp120.dll
0x00007ffbdd370000 - 0x00007ffbdd5ea000 	C:\Users\ac010168\.javacpp\cache\opencv-3.1.0-1.3-windows-x86_64.jar\org\bytedeco\javacpp\windows-x86_64\opencv_core310.dll
0x00007ffbcd950000 - 0x00007ffbcdc92000 	C:\Users\ac010168\.javacpp\cache\opencv-3.1.0-1.3-windows-x86_64.jar\org\bytedeco\javacpp\windows-x86_64\opencv_imgproc310.dll
0x00007ffbcd720000 - 0x00007ffbcd947000 	C:\Users\ac010168\.javacpp\cache\opencv-3.1.0-1.3-windows-x86_64.jar\org\bytedeco\javacpp\windows-x86_64\jniopencv_core.dll
0x00007ffbdfb60000 - 0x00007ffbdfc4d000 	C:\Users\ac010168\.javacpp\cache\opencv-3.1.0-1.3-windows-x86_64.jar\org\bytedeco\javacpp\windows-x86_64\jniopencv_imgproc.dll
0x00007ffbcd450000 - 0x00007ffbcd719000 	C:\Users\ac010168\.javacpp\cache\opencv-3.1.0-1.3-windows-x86_64.jar\org\bytedeco\javacpp\windows-x86_64\opencv_imgcodecs310.dll
0x00007ffbf1cf0000 - 0x00007ffbf1d15000 	C:\Users\ac010168\.javacpp\cache\opencv-3.1.0-1.3-windows-x86_64.jar\org\bytedeco\javacpp\windows-x86_64\jniopencv_imgcodecs.dll
0x00007ffbe2c60000 - 0x00007ffbe2cb3000 	C:\Users\ac010168\.javacpp\cache\opencv-3.1.0-1.3-windows-x86_64.jar\org\bytedeco\javacpp\windows-x86_64\opencv_videoio310.dll
0x000000002f700000 - 0x000000002f843000 	C:\windows\system32\ole32.dll
0x00007ffc0ea70000 - 0x00007ffc0eb36000 	C:\windows\system32\OLEAUT32.dll
0x00007ffbf1f20000 - 0x00007ffbf1f40000 	C:\windows\SYSTEM32\AVIFIL32.dll
0x00007ffbf1550000 - 0x00007ffbf1579000 	C:\windows\SYSTEM32\MSVFW32.dll
0x00007ffbf1c40000 - 0x00007ffbf1c58000 	C:\windows\SYSTEM32\AVICAP32.dll
0x00007ffbf3c00000 - 0x00007ffbf3c1c000 	C:\windows\SYSTEM32\MSACM32.dll
0x00007ffbf1460000 - 0x00007ffbf1477000 	C:\Users\ac010168\.javacpp\cache\opencv-3.1.0-1.3-windows-x86_64.jar\org\bytedeco\javacpp\windows-x86_64\jniopencv_videoio.dll
0x00007ffbefa70000 - 0x00007ffbefa9c000 	C:\Users\ac010168\.javacpp\cache\opencv-3.1.0-1.3-windows-x86_64.jar\org\bytedeco\javacpp\windows-x86_64\opencv_highgui310.dll
0x00007ffc0e900000 - 0x00007ffc0ea0b000 	C:\windows\system32\COMDLG32.dll
0x00007ffc0e070000 - 0x00007ffc0e0f6000 	C:\windows\system32\FirewallAPI.dll
0x00007ffc0da60000 - 0x00007ffc0da77000 	C:\windows\system32\NETAPI32.dll
0x00007ffc0a640000 - 0x00007ffc0a64c000 	C:\windows\SYSTEM32\DAVHLPR.DLL
0x00007ffc0c750000 - 0x00007ffc0c782000 	C:\windows\SYSTEM32\fwbase.dll
0x00007ffbe3b30000 - 0x00007ffbe3b65000 	C:\Users\ac010168\.javacpp\cache\opencv-3.1.0-1.3-windows-x86_64.jar\org\bytedeco\javacpp\windows-x86_64\jniopencv_highgui.dll
0x00007ffbdf530000 - 0x00007ffbdf5d2000 	C:\Users\ac010168\.javacpp\cache\opencv-3.1.0-1.3-windows-x86_64.jar\org\bytedeco\javacpp\windows-x86_64\opencv_flann310.dll
0x00007ffbeff50000 - 0x00007ffbeff70000 	C:\Users\ac010168\.javacpp\cache\opencv-3.1.0-1.3-windows-x86_64.jar\org\bytedeco\javacpp\windows-x86_64\jniopencv_flann.dll
0x00007ffbde950000 - 0x00007ffbdea1d000 	C:\Users\ac010168\.javacpp\cache\opencv-3.1.0-1.3-windows-x86_64.jar\org\bytedeco\javacpp\windows-x86_64\opencv_ml310.dll
0x00007ffbe3890000 - 0x00007ffbe38cf000 	C:\Users\ac010168\.javacpp\cache\opencv-3.1.0-1.3-windows-x86_64.jar\org\bytedeco\javacpp\windows-x86_64\jniopencv_ml.dll
0x00007ffbddb30000 - 0x00007ffbddc0a000 	C:\Users\ac010168\.javacpp\cache\opencv-3.1.0-1.3-windows-x86_64.jar\org\bytedeco\javacpp\windows-x86_64\opencv_features2d310.dll
0x00007ffbe2c10000 - 0x00007ffbe2c59000 	C:\Users\ac010168\.javacpp\cache\opencv-3.1.0-1.3-windows-x86_64.jar\org\bytedeco\javacpp\windows-x86_64\jniopencv_features2d.dll
0x00007ffc0b780000 - 0x00007ffc0b90c000 	C:\windows\SYSTEM32\dbghelp.dll

VM Arguments:
jvm_args: -Didea.launcher.port=7535 -Didea.launcher.bin.path=C:\Program Files (x86)\JetBrains\IntelliJ IDEA Community Edition 2016.3.3\bin -Dfile.encoding=UTF-8 
java_command: com.intellij.rt.execution.application.AppMain SparkImage
java_class_path (initial): C:\Users\ac010168\AppData\Local\Temp\classpath.jar
Launcher Type: SUN_STANDARD

Environment Variables:
JAVA_HOME=C:\Progra~1\Java\jdk1.8.0_92
CLASSPATH=C:\Program Files (x86)\IBM\WebSphere MQ\Java\lib\com.ibm.mqjms.jar;C:\Program Files (x86)\IBM\WebSphere MQ\Java\lib\com.ibm.mq.jar;c:\progra~1\cerner\web\avalon~1.jar;c:\progra~1\cerner\web\batik-~1.jar;c:\progra~1\cerner\web\ede2cf~1.jar;c:\progra~1\cerner\web\fop.jar;c:\progra~1\cerner\web\srx2lo~1.txt;c:\progra~1\cerner\web\subscr~1.jar;c:\progra~1\cerner\web\xalan.jar;c:\progra~1\cerner\web\lib\xerces.jar
PATH=C:\Python27\;C:\apache-maven-3.2.5\bin;C:\windows\system32;C:\ProgramData\Oracle\Java\javapath;C:\windows;C:\windows\System32\Wbem;C:\windows\System32\WindowsPowerShell\v1.0\;C:\PROGRA~1\Cerner;C:\Program Files (x86)\Intel\iCLS Client\;C:\Program Files\Intel\iCLS Client\;C:\Program Files (x86)\IBM\WebSphere MQ\Java\lib;C:\Program Files (x86)\IBM\WebSphere MQ\bin64;C:\Program Files (x86)\IBM\WebSphere MQ\bin;C:\Program Files (x86)\IBM\WebSphere MQ\tools\c\samples\bin;C:\Program Files (x86)\Intel\Intel(R) Management Engine Components\DAL;C:\Program Files\Intel\Intel(R) Management Engine Components\DAL;C:\Program Files (x86)\Intel\Intel(R) Management Engine Components\IPT;C:\Program Files\Intel\Intel(R) Management Engine Components\IPT;C:\Program Files (x86)\Windows Live\Shared;C:\Program Files\TortoiseSVN\bin;C:\Program Files (x86)\sbt\bin;C:\Program Files\Git\cmd;C:\Program Files\nodejs\;C:\Program Files (x86)\Windows Kits\10\Windows Performance Toolkit\;C:\Users\ac010168\AppData\Local\Programs\Python\Python36\Scripts\;C:\Users\ac010168\AppData\Local\Programs\Python\Python36\;C:\Users\ac010168\AppData\Local\Programs\Python\Python35\Scripts\;C:\Users\ac010168\AppData\Local\Programs\Python\Python35\;C:\Program Files\Heroku\bin;C:\Users\ac010168\AppData\Roaming\npm
USERNAME=AC010168
OS=Windows_NT
PROCESSOR_IDENTIFIER=Intel64 Family 6 Model 94 Stepping 3, GenuineIntel



---------------  S Y S T E M  ---------------

OS: Windows 10.0 , 64 bit Build 10586 (10.0.10586.589)

CPU:total 8 (4 cores per cpu, 2 threads per core) family 6 model 94 stepping 3, cmov, cx8, fxsr, mmx, sse, sse2, sse3, ssse3, sse4.1, sse4.2, popcnt, avx, avx2, aes, clmul, erms, rtm, 3dnowpref, lzcnt, ht, tsc, tscinvbit, bmi1, bmi2, adx

Memory: 4k page, physical 33403888k(14869504k free), swap 38384624k(15698148k free)

vm_info: Java HotSpot(TM) 64-Bit Server VM (25.121-b13) for windows-amd64 JRE (1.8.0_121-b13), built on Dec 12 2016 18:21:36 by "java_re" with MS VC++ 10.0 (VS2010)

time: Mon Mar 20 15:14:53 2017
elapsed time: 214 seconds (0d 0h 3m 34s)

