#
# A fatal error has been detected by the Java Runtime Environment:
#
#  EXCEPTION_ACCESS_VIOLATION (0xc0000005) at pc=0x00007ffbdd4e3012, pid=20136, tid=0x00000000000046bc
#
# JRE version: Java(TM) SE Runtime Environment (8.0_121-b13) (build 1.8.0_121-b13)
# Java VM: Java HotSpot(TM) 64-Bit Server VM (25.121-b13 mixed mode windows-amd64 compressed oops)
# Problematic frame:
# C  [opencv_core310.dll+0x173012]
#
# Failed to write core dump. Minidumps are not enabled by default on client versions of Windows
#
# If you would like to submit a bug report, please visit:
#   http://bugreport.java.com/bugreport/crash.jsp
# The crash happened outside the Java Virtual Machine in native code.
# See problematic frame for where to report the bug.
#

---------------  T H R E A D  ---------------

Current thread (0x0000000028ca1800):  JavaThread "Executor task launch worker-6" daemon [_thread_in_native, id=18108, stack(0x000000004fb40000,0x000000004fc40000)]

siginfo: ExceptionCode=0xc0000005, reading address 0x0000000001010000

Registers:
RAX=0x0000000000000001, RBX=0x0000000000000000, RCX=0x0000000001010000, RDX=0x0000000000000000
RSP=0x000000004fc3d820, RBP=0x000000004fc3de19, RSI=0x0000000000000001, RDI=0x000000004fc3ddd0
R8 =0x0000000000000001, R9 =0x0000000000000000, R10=0x0000000000000000, R11=0x000000004fc3de50
R12=0x0000000000000000, R13=0x0000000001010000, R14=0x0000000000000000, R15=0x0000000000000001
RIP=0x00007ffbdd4e3012, EFLAGS=0x0000000000010206

Top of Stack: (sp=0x000000004fc3d820)
0x000000004fc3d820:   0000000000005ba0 00007ffc113d8635
0x000000004fc3d830:   0000000000d20000 000000004fc3e000
0x000000004fc3d840:   0000000000004000 00000000380a4000
0x000000004fc3d850:   000000004f010000 00007ffc0dddcedb
0x000000004fc3d860:   0000000000d20000 fffffffffffffffe
0x000000004fc3d870:   0000000000000001 000000000000000b
0x000000004fc3d880:   0000000000000000 0100000b00000001
0x000000004fc3d890:   00000002b56ee000 00000002a6561000
0x000000004fc3d8a0:   ffffc00105e257be 0000000155c8f000
0x000000004fc3d8b0:   000000010c080000 0000000000053070
0x000000004fc3d8c0:   0000000000046ff0 0000000000080910
0x000000004fc3d8d0:   00000000000211a0 0000000119b1a000
0x000000004fc3d8e0:   000000019e4c3000 0000000119b1a000
0x000000004fc3d8f0:   00005ae99389d9b5 00000000000003ff
0x000000004fc3d900:   00000007c0001ef8 00007ffbcd40bb5a
0x000000004fc3d910:   000000003aace4c0 000000003aa0af80 

Instructions: (pc=0x00007ffbdd4e3012)
0x00007ffbdd4e2ff2:   c1 ec 02 41 80 e4 01 85 c0 41 0f 95 c7 44 88 7c
0x00007ffbdd4e3002:   24 32 c6 44 24 31 00 33 d2 8b da 4d 85 ed 74 26
0x00007ffbdd4e3012:   41 38 55 00 74 20 48 83 cf ff 48 8b df 90 48 ff
0x00007ffbdd4e3022:   c3 41 38 54 1d 00 75 f6 45 84 e4 0f 85 a8 00 00 


Register to memory mapping:

RAX=0x0000000000000001 is an unknown value
RBX=0x0000000000000000 is an unknown value
RCX=0x0000000001010000 is an unknown value
RDX=0x0000000000000000 is an unknown value
RSP=0x000000004fc3d820 is pointing into the stack for thread: 0x0000000028ca1800
RBP=0x000000004fc3de19 is pointing into the stack for thread: 0x0000000028ca1800
RSI=0x0000000000000001 is an unknown value
RDI=0x000000004fc3ddd0 is pointing into the stack for thread: 0x0000000028ca1800
R8 =0x0000000000000001 is an unknown value
R9 =0x0000000000000000 is an unknown value
R10=0x0000000000000000 is an unknown value
R11=0x000000004fc3de50 is pointing into the stack for thread: 0x0000000028ca1800
R12=0x0000000000000000 is an unknown value
R13=0x0000000001010000 is an unknown value
R14=0x0000000000000000 is an unknown value
R15=0x0000000000000001 is an unknown value


Stack: [0x000000004fb40000,0x000000004fc40000],  sp=0x000000004fc3d820,  free space=1014k
Native frames: (J=compiled Java code, j=interpreted, Vv=VM code, C=native code)
C  [opencv_core310.dll+0x173012]
C  [opencv_core310.dll+0x16fdfb]
C  [opencv_core310.dll+0x162d36]
C  [opencv_core310.dll+0x100e1]
C  [opencv_features2d310.dll+0x703e4]
C  [opencv_features2d310.dll+0x2783a]
C  [jniopencv_features2d.dll+0x54da]
C  0x0000000004aa88e9

Java frames: (J=compiled Java code, j=interpreted, Vv=VM code)
J 14126  org.bytedeco.javacpp.opencv_features2d$BOWImgDescriptorExtractor.compute(Lorg/bytedeco/javacpp/opencv_core$Mat;Lorg/bytedeco/javacpp/opencv_core$Mat;)V (0 bytes) @ 0x0000000004aa8863 [0x0000000004aa8800+0x63]
J 14136 C1 ImageUtils$.bowDescriptors(Ljava/lang/String;Lorg/bytedeco/javacpp/opencv_core$Mat;)Lorg/bytedeco/javacpp/opencv_core$Mat; (234 bytes) @ 0x0000000004af61f4 [0x0000000004af2680+0x3b74]
J 14123 C1 SparkImage$$anonfun$6.apply(Lscala/Tuple2;)Lscala/collection/immutable/List; (216 bytes) @ 0x0000000004ad3004 [0x0000000004ad27c0+0x844]
J 14122 C1 SparkImage$$anonfun$6.apply(Ljava/lang/Object;)Ljava/lang/Object; (9 bytes) @ 0x0000000004aa9adc [0x0000000004aa9900+0x1dc]
J 6805 C2 scala.collection.Iterator$$anon$11.next()Ljava/lang/Object; (19 bytes) @ 0x0000000003af5b48 [0x0000000003af5ae0+0x68]
J 8755 C2 scala.collection.AbstractIterator.foreach(Lscala/Function1;)V (6 bytes) @ 0x0000000003e67b44 [0x0000000003e67ae0+0x64]
j  scala.collection.TraversableOnce$class.reduceLeft(Lscala/collection/TraversableOnce;Lscala/Function2;)Ljava/lang/Object;+44
j  scala.collection.AbstractIterator.reduceLeft(Lscala/Function2;)Ljava/lang/Object;+2
j  org.apache.spark.rdd.RDD$$anonfun$reduce$1$$anonfun$14.apply(Lscala/collection/Iterator;)Lscala/Option;+18
j  org.apache.spark.rdd.RDD$$anonfun$reduce$1$$anonfun$14.apply(Ljava/lang/Object;)Ljava/lang/Object;+5
j  org.apache.spark.SparkContext$$anonfun$36.apply(Lorg/apache/spark/TaskContext;Lscala/collection/Iterator;)Ljava/lang/Object;+5
j  org.apache.spark.SparkContext$$anonfun$36.apply(Ljava/lang/Object;Ljava/lang/Object;)Ljava/lang/Object;+9
J 10533 C1 org.apache.spark.scheduler.ResultTask.runTask(Lorg/apache/spark/TaskContext;)Ljava/lang/Object; (170 bytes) @ 0x0000000003f9190c [0x0000000003f8fc20+0x1cec]
J 10631 C1 org.apache.spark.scheduler.Task.run(JILorg/apache/spark/metrics/MetricsSystem;)Lscala/Tuple2; (217 bytes) @ 0x0000000003321864 [0x000000000331fe40+0x1a24]
J 10137 C1 org.apache.spark.executor.Executor$TaskRunner.run()V (1541 bytes) @ 0x000000000418bfdc [0x0000000004189620+0x29bc]
j  java.util.concurrent.ThreadPoolExecutor.runWorker(Ljava/util/concurrent/ThreadPoolExecutor$Worker;)V+95
j  java.util.concurrent.ThreadPoolExecutor$Worker.run()V+5
j  java.lang.Thread.run()V+11
v  ~StubRoutines::call_stub

---------------  P R O C E S S  ---------------

Java Threads: ( => current thread )
  0x0000000028bc6800 JavaThread "ForkJoinPool-3-worker-13" daemon [_thread_blocked, id=13756, stack(0x0000000052940000,0x0000000052a40000)]
  0x0000000028bc5800 JavaThread "Executor task launch worker-10" daemon [_thread_in_Java, id=19384, stack(0x0000000052740000,0x0000000052840000)]
  0x0000000028bc8000 JavaThread "task-result-getter-3" daemon [_thread_blocked, id=19060, stack(0x0000000050a40000,0x0000000050b40000)]
  0x0000000028bc4000 JavaThread "task-result-getter-2" daemon [_thread_blocked, id=20380, stack(0x0000000050940000,0x0000000050a40000)]
=>0x0000000028ca1800 JavaThread "Executor task launch worker-6" daemon [_thread_in_native, id=18108, stack(0x000000004fb40000,0x000000004fc40000)]
  0x0000000028ca1000 JavaThread "task-result-getter-1" daemon [_thread_blocked, id=19720, stack(0x000000004f040000,0x000000004f140000)]
  0x0000000028c9f800 JavaThread "threadDeathWatcher-2-1" daemon [_thread_blocked, id=1932, stack(0x0000000041500000,0x0000000041600000)]
  0x0000000028ca4800 JavaThread "shuffle-server-1" daemon [_thread_in_native, id=16992, stack(0x0000000041400000,0x0000000041500000)]
  0x0000000028ca2800 JavaThread "shuffle-client-0" daemon [_thread_in_native, id=13432, stack(0x0000000041200000,0x0000000041300000)]
  0x0000000028ca4000 JavaThread "task-result-getter-0" daemon [_thread_blocked, id=13824, stack(0x0000000041100000,0x0000000041200000)]
  0x0000000028ca5800 JavaThread "JavaCPP Deallocator" daemon [_thread_blocked, id=7980, stack(0x0000000032770000,0x0000000032870000)]
  0x0000000028c9a000 JavaThread "SparkListenerBus" daemon [_thread_blocked, id=19612, stack(0x0000000031c70000,0x0000000031d70000)]
  0x0000000028c9b000 JavaThread "context-cleaner-periodic-gc" daemon [_thread_blocked, id=20364, stack(0x0000000031b70000,0x0000000031c70000)]
  0x0000000028ca0000 JavaThread "Spark Context Cleaner" daemon [_thread_blocked, id=19316, stack(0x0000000031a70000,0x0000000031b70000)]
  0x0000000028c9b800 JavaThread "shuffle-server-0" daemon [_thread_in_native, id=19664, stack(0x0000000031970000,0x0000000031a70000)]
  0x000000002b13c000 JavaThread "driver-heartbeater" daemon [_thread_blocked, id=13416, stack(0x0000000031870000,0x0000000031970000)]
  0x000000002b13b000 JavaThread "dag-scheduler-event-loop" daemon [_thread_blocked, id=18052, stack(0x0000000031770000,0x0000000031870000)]
  0x000000002b13a800 JavaThread "netty-rpc-env-timeout" daemon [_thread_blocked, id=19856, stack(0x0000000031670000,0x0000000031770000)]
  0x000000002b13f000 JavaThread "Timer-0" daemon [_thread_blocked, id=10980, stack(0x0000000031570000,0x0000000031670000)]
  0x000000002b13e000 JavaThread "heartbeat-receiver-event-loop-thread" daemon [_thread_blocked, id=18120, stack(0x0000000031470000,0x0000000031570000)]
  0x000000002b13c800 JavaThread "qtp1510087865-66" daemon [_thread_blocked, id=19896, stack(0x00000000310b0000,0x00000000311b0000)]
  0x000000002b139800 JavaThread "qtp1510087865-65" daemon [_thread_blocked, id=1864, stack(0x0000000030fb0000,0x00000000310b0000)]
  0x000000002b13d800 JavaThread "qtp1510087865-64" daemon [_thread_blocked, id=11244, stack(0x0000000030eb0000,0x0000000030fb0000)]
  0x000000002b132000 JavaThread "qtp1510087865-63" daemon [_thread_blocked, id=19644, stack(0x0000000030db0000,0x0000000030eb0000)]
  0x000000002b139000 JavaThread "qtp1510087865-62 Acceptor1 SelectChannelConnector@0.0.0.0:4040" daemon [_thread_blocked, id=19668, stack(0x0000000030cb0000,0x0000000030db0000)]
  0x000000002b138000 JavaThread "qtp1510087865-61 Acceptor0 SelectChannelConnector@0.0.0.0:4040" daemon [_thread_in_native, id=19700, stack(0x0000000030bb0000,0x0000000030cb0000)]
  0x000000002b133000 JavaThread "qtp1510087865-60 Selector1" daemon [_thread_in_native, id=17904, stack(0x0000000030ab0000,0x0000000030bb0000)]
  0x000000002b137800 JavaThread "qtp1510087865-59 Selector0" daemon [_thread_in_native, id=13520, stack(0x000000002f5c0000,0x000000002f6c0000)]
  0x000000002b130000 JavaThread "refresh progress" daemon [_thread_blocked, id=19844, stack(0x000000002f100000,0x000000002f200000)]
  0x000000002b130800 JavaThread "SPARK_CONTEXT cleanup timer" daemon [_thread_blocked, id=16880, stack(0x000000002f000000,0x000000002f100000)]
  0x000000002b134800 JavaThread "BROADCAST_VARS cleanup timer" daemon [_thread_blocked, id=15364, stack(0x000000002ef00000,0x000000002f000000)]
  0x000000002b136000 JavaThread "BLOCK_MANAGER cleanup timer" daemon [_thread_blocked, id=10600, stack(0x000000002ee00000,0x000000002ef00000)]
  0x000000002b136800 JavaThread "MAP_OUTPUT_TRACKER cleanup timer" daemon [_thread_blocked, id=18008, stack(0x000000002eb00000,0x000000002ec00000)]
  0x000000002b135000 JavaThread "New I/O server boss #6" daemon [_thread_in_native, id=19892, stack(0x000000002ea00000,0x000000002eb00000)]
  0x000000002b133800 JavaThread "New I/O worker #5" daemon [_thread_in_native, id=19992, stack(0x000000002e900000,0x000000002ea00000)]
  0x000000002b131800 JavaThread "New I/O worker #4" daemon [_thread_in_native, id=16624, stack(0x000000002e800000,0x000000002e900000)]
  0x000000002a392000 JavaThread "New I/O boss #3" daemon [_thread_in_native, id=13672, stack(0x000000002e700000,0x000000002e800000)]
  0x000000002a38f800 JavaThread "New I/O worker #2" daemon [_thread_in_native, id=380, stack(0x000000002e600000,0x000000002e700000)]
  0x000000002a38e000 JavaThread "New I/O worker #1" daemon [_thread_in_native, id=19812, stack(0x000000002e500000,0x000000002e600000)]
  0x000000002a38d800 JavaThread "sparkDriverActorSystem-akka.remote.default-remote-dispatcher-6" daemon [_thread_blocked, id=19996, stack(0x000000002d230000,0x000000002d330000)]
  0x000000002a394000 JavaThread "sparkDriverActorSystem-akka.remote.default-remote-dispatcher-5" daemon [_thread_blocked, id=19572, stack(0x000000002d130000,0x000000002d230000)]
  0x000000002a38f000 JavaThread "sparkDriverActorSystem-akka.actor.default-dispatcher-4" daemon [_thread_blocked, id=19828, stack(0x000000002d030000,0x000000002d130000)]
  0x000000002a391000 JavaThread "sparkDriverActorSystem-scheduler-1" daemon [_thread_blocked, id=19188, stack(0x000000002cb30000,0x000000002cc30000)]
  0x000000002a390800 JavaThread "shuffle-server-0" daemon [_thread_in_native, id=20032, stack(0x000000002ca30000,0x000000002cb30000)]
  0x000000002aa99800 JavaThread "dispatcher-event-loop-7" daemon [_thread_blocked, id=19228, stack(0x000000002c630000,0x000000002c730000)]
  0x000000002aa99000 JavaThread "dispatcher-event-loop-6" daemon [_thread_blocked, id=13648, stack(0x000000002c430000,0x000000002c530000)]
  0x000000002aa94000 JavaThread "dispatcher-event-loop-5" daemon [_thread_blocked, id=18224, stack(0x000000002c330000,0x000000002c430000)]
  0x000000002aa91800 JavaThread "dispatcher-event-loop-4" daemon [_thread_blocked, id=19196, stack(0x000000002c230000,0x000000002c330000)]
  0x000000002aa90800 JavaThread "dispatcher-event-loop-3" daemon [_thread_blocked, id=16500, stack(0x000000002c130000,0x000000002c230000)]
  0x000000002a5b4800 JavaThread "dispatcher-event-loop-2" daemon [_thread_blocked, id=8004, stack(0x000000002c030000,0x000000002c130000)]
  0x000000002a5b3800 JavaThread "dispatcher-event-loop-1" daemon [_thread_blocked, id=19692, stack(0x000000002bf30000,0x000000002c030000)]
  0x000000002ac84800 JavaThread "dispatcher-event-loop-0" daemon [_thread_blocked, id=19460, stack(0x000000002be30000,0x000000002bf30000)]
  0x0000000029934800 JavaThread "Monitor Ctrl-Break" daemon [_thread_in_native, id=2152, stack(0x000000002a120000,0x000000002a220000)]
  0x0000000027b31000 JavaThread "Service Thread" daemon [_thread_blocked, id=20160, stack(0x0000000028650000,0x0000000028750000)]
  0x0000000027aad000 JavaThread "C1 CompilerThread3" daemon [_thread_blocked, id=13908, stack(0x0000000028550000,0x0000000028650000)]
  0x0000000027aa0800 JavaThread "C2 CompilerThread2" daemon [_thread_blocked, id=3516, stack(0x0000000028450000,0x0000000028550000)]
  0x0000000027a9f800 JavaThread "C2 CompilerThread1" daemon [_thread_blocked, id=4904, stack(0x0000000028350000,0x0000000028450000)]
  0x0000000027a9c000 JavaThread "C2 CompilerThread0" daemon [_thread_blocked, id=9392, stack(0x0000000028250000,0x0000000028350000)]
  0x0000000027a99800 JavaThread "Attach Listener" daemon [_thread_blocked, id=20408, stack(0x0000000028150000,0x0000000028250000)]
  0x0000000027a96800 JavaThread "Signal Dispatcher" daemon [_thread_blocked, id=18828, stack(0x0000000028050000,0x0000000028150000)]
  0x0000000002be9000 JavaThread "Finalizer" daemon [_thread_blocked, id=2156, stack(0x0000000027e70000,0x0000000027f70000)]
  0x0000000002be7800 JavaThread "Reference Handler" daemon [_thread_blocked, id=19916, stack(0x0000000027970000,0x0000000027a70000)]
  0x00000000010be800 JavaThread "main" [_thread_blocked, id=17656, stack(0x0000000002980000,0x0000000002a80000)]

Other Threads:
  0x0000000025b99800 VMThread [stack: 0x0000000027870000,0x0000000027970000] [id=19204]
  0x0000000027b4c800 WatcherThread [stack: 0x0000000028750000,0x0000000028850000] [id=19468]

VM state:not at safepoint (normal execution)

VM Mutex/Monitor currently owned by a thread: None

Heap:
 PSYoungGen      total 2525184K, used 164035K [0x0000000716180000, 0x00000007c0000000, 0x00000007c0000000)
  eden space 2407936K, 1% used [0x0000000716180000,0x0000000718fa68a0,0x00000007a9100000)
  from space 117248K, 99% used [0x00000007a9100000,0x00000007b030a6d0,0x00000007b0380000)
  to   space 193024K, 0% used [0x00000007b4380000,0x00000007b4380000,0x00000007c0000000)
 ParOldGen       total 894976K, used 313607K [0x00000005c2400000, 0x00000005f8e00000, 0x0000000716180000)
  object space 894976K, 35% used [0x00000005c2400000,0x00000005d5641d40,0x00000005f8e00000)
 Metaspace       used 77316K, capacity 78171K, committed 78592K, reserved 1116160K
  class space    used 10724K, capacity 10936K, committed 11008K, reserved 1048576K

Card table byte_map: [0x0000000011fb0000,0x0000000012fa0000] byte_map_base: 0x000000000f19e000

Marking Bits: (ParMarkBitMap*) 0x0000000063ddb6d0
 Begin Bits: [0x0000000014240000, 0x000000001c1b0000)
 End Bits:   [0x000000001c1b0000, 0x0000000024120000)

Polling page: 0x00000000010a0000

CodeCache: size=245760Kb used=31867Kb max_used=31874Kb free=213892Kb
 bounds [0x0000000002bf0000, 0x0000000004b60000, 0x0000000011bf0000]
 total_blobs=11636 nmethods=10845 adapters=700
 compilation: enabled

Compilation events (10 events):
Event: 1248.849 Thread 0x0000000027a9c000 14213       4       scala.collection.TraversableOnce$$anonfun$reduceLeft$1::apply (9 bytes)
Event: 1248.856 Thread 0x0000000027aa0800 14214       4       scala.collection.TraversableOnce$$anonfun$reduceLeft$1::apply (54 bytes)
Event: 1248.863 Thread 0x0000000027a9c000 nmethod 14213 0x0000000004330ad0 code [0x0000000004330da0, 0x00000000043319e8]
Event: 1248.870 Thread 0x0000000027aa0800 nmethod 14214 0x0000000004b4f990 code [0x0000000004b4fbc0, 0x0000000004b506d8]
Event: 1249.321 Thread 0x0000000027a9f800 14215       4       scala.collection.AbstractSeq::indexOf (6 bytes)
Event: 1249.327 Thread 0x0000000027a9f800 nmethod 14215 0x00000000040cd3d0 code [0x00000000040cd540, 0x00000000040cd8b8]
Event: 1253.053 Thread 0x0000000027aad000 14216       3       org.apache.spark.scheduler.TaskSchedulerImpl$$anonfun$5::apply (68 bytes)
Event: 1253.054 Thread 0x0000000027aad000 nmethod 14216 0x0000000004b51a90 code [0x0000000004b51dc0, 0x0000000004b538a8]
Event: 1253.055 Thread 0x0000000027aad000 14217       1       scala.concurrent.duration.package$DurationInt::scala$concurrent$duration$DurationInt$$n (5 bytes)
Event: 1253.055 Thread 0x0000000027aad000 nmethod 14217 0x00000000040cd110 code [0x00000000040cd260, 0x00000000040cd370]

GC Heap History (10 events):
Event: 1189.313 GC heap before
{Heap before GC invocations=296 (full 9):
 PSYoungGen      total 2598912K, used 2598889K [0x0000000716180000, 0x00000007c0000000, 0x00000007c0000000)
  eden space 2488832K, 100% used [0x0000000716180000,0x00000007ae000000,0x00000007ae000000)
  from space 110080K, 99% used [0x00000007b9480000,0x00000007bfffa5d8,0x00000007c0000000)
  to   space 147456K, 0% used [0x00000007ae000000,0x00000007ae000000,0x00000007b7000000)
 ParOldGen       total 894976K, used 313607K [0x00000005c2400000, 0x00000005f8e00000, 0x0000000716180000)
  object space 894976K, 35% used [0x00000005c2400000,0x00000005d5641d40,0x00000005f8e00000)
 Metaspace       used 77308K, capacity 78171K, committed 78592K, reserved 1116160K
  class space    used 10724K, capacity 10936K, committed 11008K, reserved 1048576K
Event: 1189.340 GC heap after
Heap after GC invocations=296 (full 9):
 PSYoungGen      total 2601472K, used 112370K [0x0000000716180000, 0x00000007c0000000, 0x00000007c0000000)
  eden space 2488832K, 0% used [0x0000000716180000,0x0000000716180000,0x00000007ae000000)
  from space 112640K, 99% used [0x00000007ae000000,0x00000007b4dbcb28,0x00000007b4e00000)
  to   space 161280K, 0% used [0x00000007b6280000,0x00000007b6280000,0x00000007c0000000)
 ParOldGen       total 894976K, used 313607K [0x00000005c2400000, 0x00000005f8e00000, 0x0000000716180000)
  object space 894976K, 35% used [0x00000005c2400000,0x00000005d5641d40,0x00000005f8e00000)
 Metaspace       used 77308K, capacity 78171K, committed 78592K, reserved 1116160K
  class space    used 10724K, capacity 10936K, committed 11008K, reserved 1048576K
}
Event: 1205.808 GC heap before
{Heap before GC invocations=297 (full 9):
 PSYoungGen      total 2601472K, used 2601202K [0x0000000716180000, 0x00000007c0000000, 0x00000007c0000000)
  eden space 2488832K, 100% used [0x0000000716180000,0x00000007ae000000,0x00000007ae000000)
  from space 112640K, 99% used [0x00000007ae000000,0x00000007b4dbcb28,0x00000007b4e00000)
  to   space 161280K, 0% used [0x00000007b6280000,0x00000007b6280000,0x00000007c0000000)
 ParOldGen       total 894976K, used 313607K [0x00000005c2400000, 0x00000005f8e00000, 0x0000000716180000)
  object space 894976K, 35% used [0x00000005c2400000,0x00000005d5641d40,0x00000005f8e00000)
 Metaspace       used 77310K, capacity 78171K, committed 78592K, reserved 1116160K
  class space    used 10724K, capacity 10936K, committed 11008K, reserved 1048576K
Event: 1205.836 GC heap after
Heap after GC invocations=297 (full 9):
 PSYoungGen      total 2599936K, used 113735K [0x0000000716180000, 0x00000007c0000000, 0x00000007c0000000)
  eden space 2438656K, 0% used [0x0000000716180000,0x0000000716180000,0x00000007aaf00000)
  from space 161280K, 70% used [0x00000007b6280000,0x00000007bd191f18,0x00000007c0000000)
  to   space 172544K, 0% used [0x00000007aaf00000,0x00000007aaf00000,0x00000007b5780000)
 ParOldGen       total 894976K, used 313607K [0x00000005c2400000, 0x00000005f8e00000, 0x0000000716180000)
  object space 894976K, 35% used [0x00000005c2400000,0x00000005d5641d40,0x00000005f8e00000)
 Metaspace       used 77310K, capacity 78171K, committed 78592K, reserved 1116160K
  class space    used 10724K, capacity 10936K, committed 11008K, reserved 1048576K
}
Event: 1222.094 GC heap before
{Heap before GC invocations=298 (full 9):
 PSYoungGen      total 2599936K, used 2552391K [0x0000000716180000, 0x00000007c0000000, 0x00000007c0000000)
  eden space 2438656K, 100% used [0x0000000716180000,0x00000007aaf00000,0x00000007aaf00000)
  from space 161280K, 70% used [0x00000007b6280000,0x00000007bd191f18,0x00000007c0000000)
  to   space 172544K, 0% used [0x00000007aaf00000,0x00000007aaf00000,0x00000007b5780000)
 ParOldGen       total 894976K, used 313607K [0x00000005c2400000, 0x00000005f8e00000, 0x0000000716180000)
  object space 894976K, 35% used [0x00000005c2400000,0x00000005d5641d40,0x00000005f8e00000)
 Metaspace       used 77310K, capacity 78171K, committed 78592K, reserved 1116160K
  class space    used 10724K, capacity 10936K, committed 11008K, reserved 1048576K
Event: 1222.120 GC heap after
Heap after GC invocations=298 (full 9):
 PSYoungGen      total 2553856K, used 114754K [0x0000000716180000, 0x00000007c0000000, 0x00000007c0000000)
  eden space 2438656K, 0% used [0x0000000716180000,0x0000000716180000,0x00000007aaf00000)
  from space 115200K, 99% used [0x00000007aaf00000,0x00000007b1f10ad0,0x00000007b1f80000)
  to   space 181248K, 0% used [0x00000007b4f00000,0x00000007b4f00000,0x00000007c0000000)
 ParOldGen       total 894976K, used 313607K [0x00000005c2400000, 0x00000005f8e00000, 0x0000000716180000)
  object space 894976K, 35% used [0x00000005c2400000,0x00000005d5641d40,0x00000005f8e00000)
 Metaspace       used 77310K, capacity 78171K, committed 78592K, reserved 1116160K
  class space    used 10724K, capacity 10936K, committed 11008K, reserved 1048576K
}
Event: 1238.280 GC heap before
{Heap before GC invocations=299 (full 9):
 PSYoungGen      total 2553856K, used 2553410K [0x0000000716180000, 0x00000007c0000000, 0x00000007c0000000)
  eden space 2438656K, 100% used [0x0000000716180000,0x00000007aaf00000,0x00000007aaf00000)
  from space 115200K, 99% used [0x00000007aaf00000,0x00000007b1f10ad0,0x00000007b1f80000)
  to   space 181248K, 0% used [0x00000007b4f00000,0x00000007b4f00000,0x00000007c0000000)
 ParOldGen       total 894976K, used 313607K [0x00000005c2400000, 0x00000005f8e00000, 0x0000000716180000)
  object space 894976K, 35% used [0x00000005c2400000,0x00000005d5641d40,0x00000005f8e00000)
 Metaspace       used 77311K, capacity 78171K, committed 78592K, reserved 1116160K
  class space    used 10724K, capacity 10936K, committed 11008K, reserved 1048576K
Event: 1238.310 GC heap after
Heap after GC invocations=299 (full 9):
 PSYoungGen      total 2589184K, used 116195K [0x0000000716180000, 0x00000007c0000000, 0x00000007c0000000)
  eden space 2407936K, 0% used [0x0000000716180000,0x0000000716180000,0x00000007a9100000)
  from space 181248K, 64% used [0x00000007b4f00000,0x00000007bc078df0,0x00000007c0000000)
  to   space 187904K, 0% used [0x00000007a9100000,0x00000007a9100000,0x00000007b4880000)
 ParOldGen       total 894976K, used 313607K [0x00000005c2400000, 0x00000005f8e00000, 0x0000000716180000)
  object space 894976K, 35% used [0x00000005c2400000,0x00000005d5641d40,0x00000005f8e00000)
 Metaspace       used 77311K, capacity 78171K, committed 78592K, reserved 1116160K
  class space    used 10724K, capacity 10936K, committed 11008K, reserved 1048576K
}
Event: 1254.678 GC heap before
{Heap before GC invocations=300 (full 9):
 PSYoungGen      total 2589184K, used 2524131K [0x0000000716180000, 0x00000007c0000000, 0x00000007c0000000)
  eden space 2407936K, 100% used [0x0000000716180000,0x00000007a9100000,0x00000007a9100000)
  from space 181248K, 64% used [0x00000007b4f00000,0x00000007bc078df0,0x00000007c0000000)
  to   space 187904K, 0% used [0x00000007a9100000,0x00000007a9100000,0x00000007b4880000)
 ParOldGen       total 894976K, used 313607K [0x00000005c2400000, 0x00000005f8e00000, 0x0000000716180000)
  object space 894976K, 35% used [0x00000005c2400000,0x00000005d5641d40,0x00000005f8e00000)
 Metaspace       used 77316K, capacity 78171K, committed 78592K, reserved 1116160K
  class space    used 10724K, capacity 10936K, committed 11008K, reserved 1048576K
Event: 1254.711 GC heap after
Heap after GC invocations=300 (full 9):
 PSYoungGen      total 2525184K, used 116777K [0x0000000716180000, 0x00000007c0000000, 0x00000007c0000000)
  eden space 2407936K, 0% used [0x0000000716180000,0x0000000716180000,0x00000007a9100000)
  from space 117248K, 99% used [0x00000007a9100000,0x00000007b030a6d0,0x00000007b0380000)
  to   space 193024K, 0% used [0x00000007b4380000,0x00000007b4380000,0x00000007c0000000)
 ParOldGen       total 894976K, used 313607K [0x00000005c2400000, 0x00000005f8e00000, 0x0000000716180000)
  object space 894976K, 35% used [0x00000005c2400000,0x00000005d5641d40,0x00000005f8e00000)
 Metaspace       used 77316K, capacity 78171K, committed 78592K, reserved 1116160K
  class space    used 10724K, capacity 10936K, committed 11008K, reserved 1048576K
}

Deoptimization events (10 events):
Event: 1085.644 Thread 0x0000000028bc5800 Uncommon trap: reason=unstable_if action=reinterpret pc=0x00000000039fd790 method=com.sun.xml.internal.stream.Entity$ScannedEntity.<init>(ZLjava/lang/String;Lcom/sun/org/apache/xerces/internal/xni/XMLResourceIdentifier;Ljava/io/InputStream;Ljava/io/Reader
Event: 1085.644 Thread 0x0000000028ca1800 Uncommon trap: reason=null_check action=make_not_entrant pc=0x00000000038f2ca8 method=com.sun.xml.internal.stream.util.ThreadLocalBufferAllocator.getBufferAllocator()Lcom/sun/xml/internal/stream/util/BufferAllocator; @ 6
Event: 1085.683 Thread 0x0000000028ca1800 Uncommon trap: reason=unstable_if action=reinterpret pc=0x000000000334b3cc method=java.io.BufferedOutputStream.write([BII)V @ 6
Event: 1085.683 Thread 0x0000000028bc5800 Uncommon trap: reason=unstable_if action=reinterpret pc=0x00000000034c61d8 method=java.io.BufferedOutputStream.write([BII)V @ 6
Event: 1085.881 Thread 0x0000000028bc5800 Uncommon trap: reason=unstable_if action=reinterpret pc=0x0000000003643918 method=scala.collection.immutable.Range.<init>(III)V @ 60
Event: 1085.881 Thread 0x0000000028bc5800 Uncommon trap: reason=unstable_if action=reinterpret pc=0x00000000045fb818 method=sun.misc.FloatingDecimal$BinaryToASCIIBuffer.dtoa(IJIZ)V @ 386
Event: 1085.882 Thread 0x0000000028bc5800 Uncommon trap: reason=unstable_if action=reinterpret pc=0x0000000003844ce0 method=scala.collection.TraversableOnce$$anonfun$reduceLeft$1.apply(Ljava/lang/Object;)V @ 7
Event: 1086.615 Thread 0x0000000028ca1800 Uncommon trap: reason=unstable_if action=reinterpret pc=0x0000000004a7fd58 method=sun.misc.FloatingDecimal$BinaryToASCIIBuffer.dtoa(IJIZ)V @ 864
Event: 1087.607 Thread 0x0000000028ca1800 Uncommon trap: reason=unstable_if action=reinterpret pc=0x0000000004a9591c method=sun.misc.FloatingDecimal$BinaryToASCIIBuffer.dtoa(IJIZ)V @ 272
Event: 1088.189 Thread 0x0000000028bc5800 Uncommon trap: reason=unstable_if action=reinterpret pc=0x0000000004a9f4c4 method=sun.misc.FloatingDecimal$BinaryToASCIIBuffer.dtoa(IJIZ)V @ 487

Internal exceptions (10 events):
Event: 1084.651 Thread 0x00000000010be800 Exception <a 'java/lang/NoSuchMethodError': <clinit>> (0x00000007a992f468) thrown at [C:\re\workspace\8-2-build-windows-amd64-cygwin\jdk8u121\8372\hotspot\src\share\vm\prims\jni.cpp, line 1613]
Event: 1084.651 Thread 0x00000000010be800 Exception <a 'java/lang/NoSuchMethodError': <clinit>> (0x00000007a9955848) thrown at [C:\re\workspace\8-2-build-windows-amd64-cygwin\jdk8u121\8372\hotspot\src\share\vm\prims\jni.cpp, line 1613]
Event: 1084.652 Thread 0x00000000010be800 Exception <a 'java/lang/NoSuchMethodError': <clinit>> (0x00000007a995e130) thrown at [C:\re\workspace\8-2-build-windows-amd64-cygwin\jdk8u121\8372\hotspot\src\share\vm\prims\jni.cpp, line 1613]
Event: 1084.652 Thread 0x00000000010be800 Exception <a 'java/lang/NoSuchMethodError': <clinit>> (0x00000007a9964ab8) thrown at [C:\re\workspace\8-2-build-windows-amd64-cygwin\jdk8u121\8372\hotspot\src\share\vm\prims\jni.cpp, line 1613]
Event: 1084.662 Thread 0x000000002a5b3800 Exception <a 'java/lang/NoSuchMethodError': <clinit>> (0x00000007a9f19428) thrown at [C:\re\workspace\8-2-build-windows-amd64-cygwin\jdk8u121\8372\hotspot\src\share\vm\prims\jni.cpp, line 1613]
Event: 1085.572 Thread 0x0000000028ca1800 Implicit null exception at 0x0000000002ff31cc to 0x0000000002ff31f9
Event: 1085.593 Thread 0x000000002a392800 Exception <a 'java/lang/NoSuchMethodError': <clinit>> (0x0000000718e7f440) thrown at [C:\re\workspace\8-2-build-windows-amd64-cygwin\jdk8u121\8372\hotspot\src\share\vm\prims\jni.cpp, line 1613]
Event: 1085.606 Thread 0x00000000010be800 Exception <a 'java/lang/NoSuchMethodError': <clinit>> (0x000000071cd1cee0) thrown at [C:\re\workspace\8-2-build-windows-amd64-cygwin\jdk8u121\8372\hotspot\src\share\vm\prims\jni.cpp, line 1613]
Event: 1085.643 Thread 0x0000000028bc5800 Implicit null exception at 0x0000000003049b54 to 0x0000000003049fa9
Event: 1085.644 Thread 0x0000000028ca1800 Implicit null exception at 0x00000000038f2b99 to 0x00000000038f2c9d

Events (10 events):
Event: 1233.052 Thread 0x0000000027aad000 flushing nmethod 0x00000000040cd110
Event: 1233.053 Thread 0x0000000027aad000 flushing nmethod 0x00000000043307d0
Event: 1233.500 Thread 0x0000000027aa0800 flushing nmethod 0x00000000043ee890
Event: 1238.280 Executing VM operation: ParallelGCFailedAllocation
Event: 1238.310 Executing VM operation: ParallelGCFailedAllocation done
Event: 1243.054 Thread 0x0000000027aad000 flushing nmethod 0x0000000004993810
Event: 1249.327 Thread 0x0000000027a9f800 flushing nmethod 0x0000000002e1b010
Event: 1253.054 Thread 0x0000000027aad000 flushing nmethod 0x0000000002e5f910
Event: 1254.678 Executing VM operation: ParallelGCFailedAllocation
Event: 1254.711 Executing VM operation: ParallelGCFailedAllocation done


Dynamic libraries:
0x00007ff669300000 - 0x00007ff669337000 	C:\Program Files\Java\jdk1.8.0_121\jre\bin\java.exe
0x00007ffc113b0000 - 0x00007ffc11571000 	C:\windows\SYSTEM32\ntdll.dll
0x00007ffc0e7b0000 - 0x00007ffc0e85d000 	C:\windows\system32\KERNEL32.DLL
0x00007ffc0dd70000 - 0x00007ffc0df58000 	C:\windows\system32\KERNELBASE.dll
0x00007ffc11000000 - 0x00007ffc110a7000 	C:\windows\system32\ADVAPI32.dll
0x00007ffc0e860000 - 0x00007ffc0e8fd000 	C:\windows\system32\msvcrt.dll
0x00007ffc10290000 - 0x00007ffc102eb000 	C:\windows\system32\sechost.dll
0x00007ffc0ec10000 - 0x00007ffc0ed2c000 	C:\windows\system32\RPCRT4.dll
0x00007ffc107e0000 - 0x00007ffc10936000 	C:\windows\system32\USER32.dll
0x00007ffc10b60000 - 0x00007ffc10ce6000 	C:\windows\system32\GDI32.dll
0x00007ffc0a760000 - 0x00007ffc0a9d4000 	C:\windows\WinSxS\amd64_microsoft.windows.common-controls_6595b64144ccf1df_6.0.10586.672_none_a2d6b3cea53ff843\COMCTL32.dll
0x00007ffc10d80000 - 0x00007ffc10ffd000 	C:\windows\system32\combase.dll
0x00007ffc0dd00000 - 0x00007ffc0dd6a000 	C:\windows\system32\bcryptPrimitives.dll
0x00007ffc0ea10000 - 0x00007ffc0ea4b000 	C:\windows\system32\IMM32.DLL
0x00007ffbf33a0000 - 0x00007ffbf3447000 	C:\Program Files\McAfee\Host Intrusion Prevention\HcApi.dll
0x00000000665c0000 - 0x00000000665cc000 	C:\Program Files\McAfee\Host Intrusion Prevention\HcThe.dll
0x0000000063e60000 - 0x0000000063f32000 	C:\Program Files\Java\jdk1.8.0_121\jre\bin\msvcr100.dll
0x00000000635c0000 - 0x0000000063e5b000 	C:\Program Files\Java\jdk1.8.0_121\jre\bin\server\jvm.dll
0x00007ffc10b50000 - 0x00007ffc10b58000 	C:\windows\system32\PSAPI.DLL
0x00007ffc0b910000 - 0x00007ffc0b919000 	C:\windows\SYSTEM32\WSOCK32.dll
0x00007ffc0eb40000 - 0x00007ffc0ebab000 	C:\windows\system32\WS2_32.dll
0x00007ffc0aa00000 - 0x00007ffc0aa23000 	C:\windows\SYSTEM32\WINMM.dll
0x00007ffc0a9f0000 - 0x00007ffc0a9fa000 	C:\windows\SYSTEM32\VERSION.dll
0x00007ffc0a730000 - 0x00007ffc0a75c000 	C:\windows\SYSTEM32\WINMMBASE.dll
0x00007ffc0df60000 - 0x00007ffc0dfa3000 	C:\windows\system32\cfgmgr32.dll
0x0000000065f40000 - 0x0000000065f4f000 	C:\Program Files\Java\jdk1.8.0_121\jre\bin\verify.dll
0x0000000065180000 - 0x00000000651a9000 	C:\Program Files\Java\jdk1.8.0_121\jre\bin\java.dll
0x0000000065ef0000 - 0x0000000065f06000 	C:\Program Files\Java\jdk1.8.0_121\jre\bin\zip.dll
0x00007ffc0ed30000 - 0x00007ffc1028c000 	C:\windows\system32\SHELL32.dll
0x00007ffc0e100000 - 0x00007ffc0e745000 	C:\windows\system32\windows.storage.dll
0x00007ffc0ebb0000 - 0x00007ffc0ec02000 	C:\windows\system32\shlwapi.dll
0x00007ffc0da50000 - 0x00007ffc0da5f000 	C:\windows\system32\kernel.appcore.dll
0x00007ffc0dfb0000 - 0x00007ffc0e065000 	C:\windows\system32\shcore.dll
0x00007ffc0da00000 - 0x00007ffc0da4b000 	C:\windows\system32\powrprof.dll
0x00007ffc0d9d0000 - 0x00007ffc0d9e4000 	C:\windows\system32\profapi.dll
0x00007ffbfa4c0000 - 0x00007ffbfa4d0000 	C:\Program Files (x86)\JetBrains\IntelliJ IDEA Community Edition 2016.3.3\bin\breakgen64.dll
0x0000000065160000 - 0x000000006517a000 	C:\Program Files\Java\jdk1.8.0_121\jre\bin\net.dll
0x00007ffc0d300000 - 0x00007ffc0d35c000 	C:\windows\system32\mswsock.dll
0x00007ffc0d3b0000 - 0x00007ffc0d3c7000 	C:\windows\SYSTEM32\CRYPTSP.dll
0x00007ffc0d040000 - 0x00007ffc0d074000 	C:\windows\system32\rsaenh.dll
0x00007ffc0d5d0000 - 0x00007ffc0d5f9000 	C:\windows\SYSTEM32\bcrypt.dll
0x00007ffc0d190000 - 0x00007ffc0d1af000 	C:\windows\SYSTEM32\USERENV.dll
0x00007ffc0d4d0000 - 0x00007ffc0d4db000 	C:\windows\SYSTEM32\CRYPTBASE.dll
0x00007ffc0bb20000 - 0x00007ffc0bb58000 	C:\windows\SYSTEM32\IPHLPAPI.DLL
0x00007ffc10d70000 - 0x00007ffc10d78000 	C:\windows\system32\NSI.dll
0x00007ffc0b940000 - 0x00007ffc0b956000 	C:\windows\SYSTEM32\dhcpcsvc6.DLL
0x00007ffc0b920000 - 0x00007ffc0b93a000 	C:\windows\SYSTEM32\dhcpcsvc.DLL
0x0000000064e90000 - 0x0000000064ea1000 	C:\Program Files\Java\jdk1.8.0_121\jre\bin\nio.dll
0x0000000065f30000 - 0x0000000065f3d000 	C:\Program Files\Java\jdk1.8.0_121\jre\bin\management.dll
0x0000000064e80000 - 0x0000000064e89000 	C:\Program Files\Java\jdk1.8.0_121\jre\bin\w2k_lsa_auth.dll
0x00007ffc04e70000 - 0x00007ffc04e7c000 	C:\windows\SYSTEM32\Secur32.dll
0x00007ffc0d6e0000 - 0x00007ffc0d70d000 	C:\windows\SYSTEM32\SSPICLI.DLL
0x0000000064e70000 - 0x0000000064e79000 	C:\Program Files\Java\jdk1.8.0_121\jre\bin\jaas_nt.dll
0x00007ffbfa3c0000 - 0x00007ffbfa3d6000 	C:\windows\system32\napinsp.dll
0x00007ffbfa3a0000 - 0x00007ffbfa3ba000 	C:\windows\system32\pnrpnsp.dll
0x00007ffc0afe0000 - 0x00007ffc0aff8000 	C:\windows\system32\NLAapi.dll
0x00007ffc0c440000 - 0x00007ffc0c4ea000 	C:\windows\SYSTEM32\DNSAPI.dll
0x00007ffbf9c80000 - 0x00007ffbf9c8d000 	C:\windows\System32\winrnr.dll
0x00007ffbf9c60000 - 0x00007ffbf9c75000 	C:\windows\System32\wshbth.dll
0x00007ffc07060000 - 0x00007ffc0706a000 	C:\Windows\System32\rasadhlp.dll
0x00007ffc0ba60000 - 0x00007ffc0bac7000 	C:\windows\System32\fwpuclnt.dll
0x0000000064e40000 - 0x0000000064e64000 	C:\Program Files\Java\jdk1.8.0_121\jre\bin\sunec.dll
0x00007ffc0bb60000 - 0x00007ffc0bb6b000 	C:\windows\SYSTEM32\WINNSI.DLL
0x0000000070280000 - 0x00000000702a9000 	C:\Users\ac010168\AppData\Local\Temp\snappy-1.1.2-1d543b7e-b817-4f3d-97fe-03c4a9fd5139-snappyjava.dll
0x00007ffbdfb60000 - 0x00007ffbdfc4f000 	C:\Users\ac010168\.javacpp\cache\opencv-3.1.0-1.3-windows-x86_64.jar\org\bytedeco\javacpp\windows-x86_64\msvcr120.dll
0x00007ffbdf530000 - 0x00007ffbdf5d6000 	C:\Users\ac010168\.javacpp\cache\opencv-3.1.0-1.3-windows-x86_64.jar\org\bytedeco\javacpp\windows-x86_64\msvcp120.dll
0x00007ffbdd370000 - 0x00007ffbdd5ea000 	C:\Users\ac010168\.javacpp\cache\opencv-3.1.0-1.3-windows-x86_64.jar\org\bytedeco\javacpp\windows-x86_64\opencv_core310.dll
0x00007ffbcd630000 - 0x00007ffbcd972000 	C:\Users\ac010168\.javacpp\cache\opencv-3.1.0-1.3-windows-x86_64.jar\org\bytedeco\javacpp\windows-x86_64\opencv_imgproc310.dll
0x00007ffbcd400000 - 0x00007ffbcd627000 	C:\Users\ac010168\.javacpp\cache\opencv-3.1.0-1.3-windows-x86_64.jar\org\bytedeco\javacpp\windows-x86_64\jniopencv_core.dll
0x00007ffbde930000 - 0x00007ffbdea1d000 	C:\Users\ac010168\.javacpp\cache\opencv-3.1.0-1.3-windows-x86_64.jar\org\bytedeco\javacpp\windows-x86_64\jniopencv_imgproc.dll
0x00007ffbcd130000 - 0x00007ffbcd3f9000 	C:\Users\ac010168\.javacpp\cache\opencv-3.1.0-1.3-windows-x86_64.jar\org\bytedeco\javacpp\windows-x86_64\opencv_imgcodecs310.dll
0x00007ffbf7d80000 - 0x00007ffbf7da5000 	C:\Users\ac010168\.javacpp\cache\opencv-3.1.0-1.3-windows-x86_64.jar\org\bytedeco\javacpp\windows-x86_64\jniopencv_imgcodecs.dll
0x00007ffbe3a20000 - 0x00007ffbe3a73000 	C:\Users\ac010168\.javacpp\cache\opencv-3.1.0-1.3-windows-x86_64.jar\org\bytedeco\javacpp\windows-x86_64\opencv_videoio310.dll
0x000000002f410000 - 0x000000002f553000 	C:\windows\system32\ole32.dll
0x00007ffc0ea70000 - 0x00007ffc0eb36000 	C:\windows\system32\OLEAUT32.dll
0x00007ffbefa70000 - 0x00007ffbefa99000 	C:\windows\SYSTEM32\MSVFW32.dll
0x00007ffbf1c40000 - 0x00007ffbf1c58000 	C:\windows\SYSTEM32\AVICAP32.dll
0x00007ffbf1560000 - 0x00007ffbf1580000 	C:\windows\SYSTEM32\AVIFIL32.dll
0x00007ffbf3c00000 - 0x00007ffbf3c1c000 	C:\windows\SYSTEM32\MSACM32.dll
0x00007ffbf1460000 - 0x00007ffbf1477000 	C:\Users\ac010168\.javacpp\cache\opencv-3.1.0-1.3-windows-x86_64.jar\org\bytedeco\javacpp\windows-x86_64\jniopencv_videoio.dll
0x00007ffbeca10000 - 0x00007ffbeca3c000 	C:\Users\ac010168\.javacpp\cache\opencv-3.1.0-1.3-windows-x86_64.jar\org\bytedeco\javacpp\windows-x86_64\opencv_highgui310.dll
0x00007ffc0e900000 - 0x00007ffc0ea0b000 	C:\windows\system32\COMDLG32.dll
0x00007ffc0e070000 - 0x00007ffc0e0f6000 	C:\windows\system32\FirewallAPI.dll
0x00007ffc0da60000 - 0x00007ffc0da77000 	C:\windows\system32\NETAPI32.dll
0x00007ffc0a640000 - 0x00007ffc0a64c000 	C:\windows\SYSTEM32\DAVHLPR.DLL
0x00007ffc0c750000 - 0x00007ffc0c782000 	C:\windows\SYSTEM32\fwbase.dll
0x00007ffbe3b30000 - 0x00007ffbe3b65000 	C:\Users\ac010168\.javacpp\cache\opencv-3.1.0-1.3-windows-x86_64.jar\org\bytedeco\javacpp\windows-x86_64\jniopencv_highgui.dll
0x00007ffbdd0a0000 - 0x00007ffbdd142000 	C:\Users\ac010168\.javacpp\cache\opencv-3.1.0-1.3-windows-x86_64.jar\org\bytedeco\javacpp\windows-x86_64\opencv_flann310.dll
0x00007ffbeff50000 - 0x00007ffbeff70000 	C:\Users\ac010168\.javacpp\cache\opencv-3.1.0-1.3-windows-x86_64.jar\org\bytedeco\javacpp\windows-x86_64\jniopencv_flann.dll
0x00007ffbdcc20000 - 0x00007ffbdcced000 	C:\Users\ac010168\.javacpp\cache\opencv-3.1.0-1.3-windows-x86_64.jar\org\bytedeco\javacpp\windows-x86_64\opencv_ml310.dll
0x00007ffbe3890000 - 0x00007ffbe38cf000 	C:\Users\ac010168\.javacpp\cache\opencv-3.1.0-1.3-windows-x86_64.jar\org\bytedeco\javacpp\windows-x86_64\jniopencv_ml.dll
0x00007ffbdc5c0000 - 0x00007ffbdc69a000 	C:\Users\ac010168\.javacpp\cache\opencv-3.1.0-1.3-windows-x86_64.jar\org\bytedeco\javacpp\windows-x86_64\opencv_features2d310.dll
0x00007ffbdfb10000 - 0x00007ffbdfb59000 	C:\Users\ac010168\.javacpp\cache\opencv-3.1.0-1.3-windows-x86_64.jar\org\bytedeco\javacpp\windows-x86_64\jniopencv_features2d.dll
0x00007ffc0b780000 - 0x00007ffc0b90c000 	C:\windows\SYSTEM32\dbghelp.dll

VM Arguments:
jvm_args: -Didea.launcher.port=7533 -Didea.launcher.bin.path=C:\Program Files (x86)\JetBrains\IntelliJ IDEA Community Edition 2016.3.3\bin -Dfile.encoding=UTF-8 
java_command: com.intellij.rt.execution.application.AppMain SparkImage
java_class_path (initial): C:\Users\ac010168\AppData\Local\Temp\classpath.jar
Launcher Type: SUN_STANDARD

Environment Variables:
JAVA_HOME=C:\Progra~1\Java\jdk1.8.0_92
CLASSPATH=C:\Program Files (x86)\IBM\WebSphere MQ\Java\lib\com.ibm.mqjms.jar;C:\Program Files (x86)\IBM\WebSphere MQ\Java\lib\com.ibm.mq.jar;c:\progra~1\cerner\web\avalon~1.jar;c:\progra~1\cerner\web\batik-~1.jar;c:\progra~1\cerner\web\ede2cf~1.jar;c:\progra~1\cerner\web\fop.jar;c:\progra~1\cerner\web\srx2lo~1.txt;c:\progra~1\cerner\web\subscr~1.jar;c:\progra~1\cerner\web\xalan.jar;c:\progra~1\cerner\web\lib\xerces.jar
PATH=C:\Python27\;C:\apache-maven-3.2.5\bin;C:\windows\system32;C:\ProgramData\Oracle\Java\javapath;C:\windows;C:\windows\System32\Wbem;C:\windows\System32\WindowsPowerShell\v1.0\;C:\PROGRA~1\Cerner;C:\Program Files (x86)\Intel\iCLS Client\;C:\Program Files\Intel\iCLS Client\;C:\Program Files (x86)\IBM\WebSphere MQ\Java\lib;C:\Program Files (x86)\IBM\WebSphere MQ\bin64;C:\Program Files (x86)\IBM\WebSphere MQ\bin;C:\Program Files (x86)\IBM\WebSphere MQ\tools\c\samples\bin;C:\Program Files (x86)\Intel\Intel(R) Management Engine Components\DAL;C:\Program Files\Intel\Intel(R) Management Engine Components\DAL;C:\Program Files (x86)\Intel\Intel(R) Management Engine Components\IPT;C:\Program Files\Intel\Intel(R) Management Engine Components\IPT;C:\Program Files (x86)\Windows Live\Shared;C:\Program Files\TortoiseSVN\bin;C:\Program Files (x86)\sbt\bin;C:\Program Files\Git\cmd;C:\Program Files\nodejs\;C:\Program Files (x86)\Windows Kits\10\Windows Performance Toolkit\;C:\Users\ac010168\AppData\Local\Programs\Python\Python36\Scripts\;C:\Users\ac010168\AppData\Local\Programs\Python\Python36\;C:\Users\ac010168\AppData\Local\Programs\Python\Python35\Scripts\;C:\Users\ac010168\AppData\Local\Programs\Python\Python35\;C:\Program Files\Heroku\bin;C:\Users\ac010168\AppData\Roaming\npm
USERNAME=AC010168
OS=Windows_NT
PROCESSOR_IDENTIFIER=Intel64 Family 6 Model 94 Stepping 3, GenuineIntel



---------------  S Y S T E M  ---------------

OS: Windows 10.0 , 64 bit Build 10586 (10.0.10586.589)

CPU:total 8 (4 cores per cpu, 2 threads per core) family 6 model 94 stepping 3, cmov, cx8, fxsr, mmx, sse, sse2, sse3, ssse3, sse4.1, sse4.2, popcnt, avx, avx2, aes, clmul, erms, rtm, 3dnowpref, lzcnt, ht, tsc, tscinvbit, bmi1, bmi2, adx

Memory: 4k page, physical 33403888k(10808932k free), swap 38384624k(12352096k free)

vm_info: Java HotSpot(TM) 64-Bit Server VM (25.121-b13) for windows-amd64 JRE (1.8.0_121-b13), built on Dec 12 2016 18:21:36 by "java_re" with MS VC++ 10.0 (VS2010)

time: Mon Mar 20 15:09:42 2017
elapsed time: 1254 seconds (0d 0h 20m 54s)

